1.6909 	WARNING 	We strongly recommend you activate the PTB sound engine in PsychoPy prefs as the preferred audio engine. Its timing is vastly superior. Your prefs are currently set to use ['sounddevice', 'PTB', 'pyo', 'pygame'] (in that order).
12.0110 	ERROR 	'-1.0000, -1.0000, -1.0000' is not a valid rgb color
12.0280 	WARNING 	User requested fullscreen with size [1440  900], but screen is actually [1680, 1050]. Using actual size
13.0152 	EXP 	Created window1 = Window(allowGUI=False, allowStencil=False, autoLog=True, backendConf=UNKNOWN, bitsMode=UNKNOWN, blendMode='avg', bpc=(8, 8, 8), color=array([0, 0, 0]), colorSpace='rgb', depthBits=8, fullscr=<method-wrapper '__getattribute__' of attributeSetter object at 0x7fb0e9bb2e10>, gamma=None, gammaErrorPolicy='raise', lms=UNKNOWN, monitor=<psychopy.monitors.calibTools.Monitor object at 0x7fb1086224e0>, multiSample=False, name='window1', numSamples=2, pos=[420.0, 262.5], screen=0, size=array([3360, 2100]), stencilBits=0, stereo=False, units='height', useFBO=True, useRetina=True, viewOri=0.0, viewPos=None, viewScale=None, waitBlanking=True, winType='pyglet')
13.0155 	EXP 	window1: mouseVisible = True
13.0155 	EXP 	window1: recordFrameIntervals = False
13.1806 	EXP 	window1: recordFrameIntervals = True
13.3642 	EXP 	window1: recordFrameIntervals = False
15.5505 	EXP 	Created intro_text = TextStim(__class__=<class 'psychopy.visual.text.TextStim'>, alignHoriz=method-wrapper(...), alignText='center', alignVert=method-wrapper(...), anchorHoriz='center', anchorVert='center', antialias=True, autoLog=True, bold=False, color=array([1., 1., 1.]), colorSpace='rgb', contrast=1.0, depth=0.0, flipHoriz=False, flipVert=False, font='Open Sans', fontFiles=[], height=0.05, italic=False, languageStyle='LTR', name='intro_text', opacity=1, ori=0.0, pos=array([0., 0.]), rgb=UNKNOWN, text='', units='height', win=Window(...), wrapWidth=1)
16.0396 	EXP 	Created instr_txt = TextStim(__class__=<class 'psychopy.visual.text.TextStim'>, alignHoriz=method-wrapper(...), alignText='center', alignVert=method-wrapper(...), anchorHoriz='center', anchorVert='center', antialias=True, autoLog=True, bold=False, color=array([1., 1., 1.]), colorSpace='rgb', contrast=1.0, depth=0.0, flipHoriz=False, flipVert=False, font='Open Sans', fontFiles=[], height=0.05, italic=False, languageStyle='LTR', name='instr_txt', opacity=1, ori=0.0, pos=array([0., 0.]), rgb=UNKNOWN, text='', units='height', win=Window(...), wrapWidth=1)
16.5068 	EXP 	Created wordssss = TextStim(__class__=<class 'psychopy.visual.text.TextStim'>, alignHoriz=method-wrapper(...), alignText='center', alignVert=method-wrapper(...), anchorHoriz='center', anchorVert='center', antialias=True, autoLog=True, bold=False, color=array([1., 1., 1.]), colorSpace='rgb', contrast=1.0, depth=0.0, flipHoriz=False, flipVert=False, font='Open Sans', fontFiles=[], height=0.1, italic=False, languageStyle='LTR', name='wordssss', opacity=1, ori=0.0, pos=array([0., 0.]), rgb=UNKNOWN, text='', units='height', win=Window(...), wrapWidth=1)
16.9809 	DEPRECATION 	'0.9216, 0.9216, 0.7255' is not a valid rgb color
17.0324 	EXP 	Created thisthat = TextStim(__class__=<class 'psychopy.visual.text.TextStim'>, alignHoriz=method-wrapper(...), alignText='center', alignVert=method-wrapper(...), anchorHoriz='center', anchorVert='center', antialias=True, autoLog=True, bold=False, color=array([0., 0., 0.]), colorSpace='rgb', contrast=1.0, depth=-2.0, flipHoriz=False, flipVert=False, font='Open Sans', fontFiles=[], height=0.07, italic=False, languageStyle='LTR', name='thisthat', opacity=0, ori=0.0, pos=array([ 0.  , -0.25]), rgb=UNKNOWN, text='THIS      THAT\n           ', units='height', win=Window(...), wrapWidth=1)
17.0337 	EXP 	Created text = TextStim(__class__=<class 'psychopy.visual.text.TextStim'>, alignHoriz=method-wrapper(...), alignText='center', alignVert=method-wrapper(...), anchorHoriz='center', anchorVert='center', antialias=True, autoLog=True, bold=False, color=array([1., 1., 1.]), colorSpace='rgb', contrast=1.0, depth=0.0, flipHoriz=False, flipVert=False, font='Open Sans', fontFiles=[], height=0.05, italic=False, languageStyle='LTR', name='text', opacity=1, ori=0.0, pos=array([0., 0.]), rgb=UNKNOWN, text='', units='height', win=Window(...), wrapWidth=1)
17.5164 	EXP 	Created text_2 = TextStim(__class__=<class 'psychopy.visual.text.TextStim'>, alignHoriz=method-wrapper(...), alignText='center', alignVert=method-wrapper(...), anchorHoriz='center', anchorVert='center', antialias=True, autoLog=True, bold=False, color=array([1., 1., 1.]), colorSpace='rgb', contrast=1.0, depth=0.0, flipHoriz=False, flipVert=False, font='Open Sans', fontFiles=[], height=0.1, italic=False, languageStyle='LTR', name='text_2', opacity=1, ori=0.0, pos=array([0., 0.]), rgb=UNKNOWN, text='', units='height', win=Window(...), wrapWidth=1)
17.9892 	EXP 	Created instruu = TextStim(__class__=<class 'psychopy.visual.text.TextStim'>, alignHoriz=method-wrapper(...), alignText='center', alignVert=method-wrapper(...), anchorHoriz='center', anchorVert='center', antialias=True, autoLog=True, bold=False, color=array([1., 1., 1.]), colorSpace='rgb', contrast=1.0, depth=0.0, flipHoriz=False, flipVert=False, font='Open Sans', fontFiles=[], height=0.07, italic=False, languageStyle='LTR', name='instruu', opacity=1, ori=0.0, pos=array([0., 0.]), rgb=UNKNOWN, text='', units='height', win=Window(...), wrapWidth=1)
18.4568 	EXP 	Created calculation = TextStim(__class__=<class 'psychopy.visual.text.TextStim'>, alignHoriz=method-wrapper(...), alignText='center', alignVert=method-wrapper(...), anchorHoriz='center', anchorVert='center', antialias=True, autoLog=True, bold=False, color=array([1., 1., 1.]), colorSpace='rgb', contrast=1.0, depth=0.0, flipHoriz=False, flipVert=False, font='Open Sans', fontFiles=[], height=0.1, italic=False, languageStyle='LTR', name='calculation', opacity=1, ori=0.0, pos=array([0., 0.]), rgb=UNKNOWN, text='', units='height', win=Window(...), wrapWidth=1)
18.9316 	DEPRECATION 	'0.9216, 0.9216, 0.7255' is not a valid rgb color
18.9379 	EXP 	Created text_9 = TextStim(__class__=<class 'psychopy.visual.text.TextStim'>, alignHoriz=method-wrapper(...), alignText='center', alignVert=method-wrapper(...), anchorHoriz='center', anchorVert='center', antialias=True, autoLog=True, bold=False, color=array([0., 0., 0.]), colorSpace='rgb', contrast=1.0, depth=-2.0, flipHoriz=False, flipVert=False, font='Open Sans', fontFiles=[], height=0.07, italic=False, languageStyle='LTR', name='text_9', opacity=0, ori=0.0, pos=array([ 0. , -0.2]), rgb=UNKNOWN, text='YES         NO', units='height', win=Window(...), wrapWidth=1)
18.9392 	EXP 	Created Feedback = TextStim(__class__=<class 'psychopy.visual.text.TextStim'>, alignHoriz=method-wrapper(...), alignText='center', alignVert=method-wrapper(...), anchorHoriz='center', anchorVert='center', antialias=True, autoLog=True, bold=False, color=array([1., 1., 1.]), colorSpace='rgb', contrast=1.0, depth=0.0, flipHoriz=False, flipVert=False, font='Open Sans', fontFiles=[], height=0.1, italic=False, languageStyle='LTR', name='Feedback', opacity=1, ori=0.0, pos=array([0., 0.]), rgb=UNKNOWN, text='', units='height', win=Window(...), wrapWidth=1)
18.9404 	EXP 	Created neg_feedB = TextStim(__class__=<class 'psychopy.visual.text.TextStim'>, alignHoriz=method-wrapper(...), alignText='center', alignVert=method-wrapper(...), anchorHoriz='center', anchorVert='center', antialias=True, autoLog=True, bold=False, color=array([1., 1., 1.]), colorSpace='rgb', contrast=1.0, depth=0.0, flipHoriz=False, flipVert=False, font='Open Sans', fontFiles=[], height=0.07, italic=False, languageStyle='LTR', name='neg_feedB', opacity=1, ori=0.0, pos=array([0., 0.]), rgb=UNKNOWN, text='', units='height', win=Window(...), wrapWidth=1)
19.4080 	EXP 	Created text_6 = TextStim(__class__=<class 'psychopy.visual.text.TextStim'>, alignHoriz=method-wrapper(...), alignText='center', alignVert=method-wrapper(...), anchorHoriz='center', anchorVert='center', antialias=True, autoLog=True, bold=False, color=array([1., 1., 1.]), colorSpace='rgb', contrast=1.0, depth=0.0, flipHoriz=False, flipVert=False, font='Open Sans', fontFiles=[], height=0.1, italic=False, languageStyle='LTR', name='text_6', opacity=1, ori=0.0, pos=array([0., 0.]), rgb=UNKNOWN, text='', units='height', win=Window(...), wrapWidth=1)
19.8698 	DEPRECATION 	'0.9216, 0.9216, 0.7255' is not a valid rgb color
19.8732 	EXP 	Created text_10 = TextStim(__class__=<class 'psychopy.visual.text.TextStim'>, alignHoriz=method-wrapper(...), alignText='center', alignVert=method-wrapper(...), anchorHoriz='center', anchorVert='center', antialias=True, autoLog=True, bold=False, color=array([0., 0., 0.]), colorSpace='rgb', contrast=1.0, depth=-2.0, flipHoriz=False, flipVert=False, font='Open Sans', fontFiles=[], height=0.07, italic=False, languageStyle='LTR', name='text_10', opacity=0, ori=0.0, pos=array([ 0. , -0.2]), rgb=UNKNOWN, text='YES     NO', units='height', win=Window(...), wrapWidth=1)
19.8745 	EXP 	Created resp = TextStim(__class__=<class 'psychopy.visual.text.TextStim'>, alignHoriz=method-wrapper(...), alignText='center', alignVert=method-wrapper(...), anchorHoriz='center', anchorVert='center', antialias=True, autoLog=True, bold=False, color=array([1., 1., 1.]), colorSpace='rgb', contrast=1.0, depth=0.0, flipHoriz=False, flipVert=False, font='Open Sans', fontFiles=[], height=0.1, italic=False, languageStyle='LTR', name='resp', opacity=1, ori=0.0, pos=array([0., 0.]), rgb=UNKNOWN, text='', units='height', win=Window(...), wrapWidth=1)
19.8757 	EXP 	Created text_8 = TextStim(__class__=<class 'psychopy.visual.text.TextStim'>, alignHoriz=method-wrapper(...), alignText='center', alignVert=method-wrapper(...), anchorHoriz='center', anchorVert='center', antialias=True, autoLog=True, bold=False, color=array([1., 1., 1.]), colorSpace='rgb', contrast=1.0, depth=0.0, flipHoriz=False, flipVert=False, font='Open Sans', fontFiles=[], height=0.07, italic=False, languageStyle='LTR', name='text_8', opacity=1, ori=0.0, pos=array([0., 0.]), rgb=UNKNOWN, text='', units='height', win=Window(...), wrapWidth=1)
20.3805 	EXP 	Created text_3 = TextStim(__class__=<class 'psychopy.visual.text.TextStim'>, alignHoriz=method-wrapper(...), alignText='center', alignVert=method-wrapper(...), anchorHoriz='center', anchorVert='center', antialias=True, autoLog=True, bold=False, color=array([1., 1., 1.]), colorSpace='rgb', contrast=1.0, depth=0.0, flipHoriz=False, flipVert=False, font='Open Sans', fontFiles=[], height=0.07, italic=False, languageStyle='LTR', name='text_3', opacity=1, ori=0.0, pos=array([0., 0.]), rgb=UNKNOWN, text=str(...), units='height', win=Window(...), wrapWidth=1)
20.8509 	EXP 	Created nouns = TextStim(__class__=<class 'psychopy.visual.text.TextStim'>, alignHoriz=method-wrapper(...), alignText='center', alignVert=method-wrapper(...), anchorHoriz='center', anchorVert='center', antialias=True, autoLog=True, bold=False, color=array([1., 1., 1.]), colorSpace='rgb', contrast=1.0, depth=0.0, flipHoriz=False, flipVert=False, font='Open Sans', fontFiles=[], height=0.1, italic=False, languageStyle='LTR', name='nouns', opacity=1, ori=0.0, pos=array([0., 0.]), rgb=UNKNOWN, text='', units='height', win=Window(...), wrapWidth=1)
21.3231 	DEPRECATION 	'0.9216, 0.9216, 0.7255' is not a valid rgb color
21.3265 	EXP 	Created thisthats = TextStim(__class__=<class 'psychopy.visual.text.TextStim'>, alignHoriz=method-wrapper(...), alignText='center', alignVert=method-wrapper(...), anchorHoriz='center', anchorVert='center', antialias=True, autoLog=True, bold=False, color=array([0., 0., 0.]), colorSpace='rgb', contrast=1.0, depth=-2.0, flipHoriz=False, flipVert=False, font='Open Sans', fontFiles=[], height=0.07, italic=False, languageStyle='LTR', name='thisthats', opacity=0, ori=0.0, pos=array([ 0.  , -0.25]), rgb=UNKNOWN, text='THIS      THAT\n           ', units='height', win=Window(...), wrapWidth=1)
21.3469 	EXP 	Created text_4 = TextStim(__class__=<class 'psychopy.visual.text.TextStim'>, alignHoriz=method-wrapper(...), alignText='center', alignVert=method-wrapper(...), anchorHoriz='center', anchorVert='center', antialias=True, autoLog=True, bold=False, color=array([1., 1., 1.]), colorSpace='rgb', contrast=1.0, depth=0.0, flipHoriz=False, flipVert=False, font='Open Sans', fontFiles=[], height=0.07, italic=False, languageStyle='LTR', name='text_4', opacity=1, ori=0.0, pos=array([0., 0.]), rgb=UNKNOWN, text=str(...), units='height', win=Window(...), wrapWidth=1)
21.8119 	EXP 	Created Questions = TextStim(__class__=<class 'psychopy.visual.text.TextStim'>, alignHoriz=method-wrapper(...), alignText='center', alignVert=method-wrapper(...), anchorHoriz='center', anchorVert='center', antialias=True, autoLog=True, bold=False, color=array([1., 1., 1.]), colorSpace='rgb', contrast=1.0, depth=0.0, flipHoriz=False, flipVert=False, font='Open Sans', fontFiles=[], height=0.07, italic=False, languageStyle='LTR', name='Questions', opacity=1, ori=0.0, pos=array([0. , 0.1]), rgb=UNKNOWN, text='', units='height', win=Window(...), wrapWidth=1)
21.8216 	EXP 	Created str_disagree = TextStim(__class__=<class 'psychopy.visual.text.TextStim'>, alignHoriz=method-wrapper(...), alignText='center', alignVert=method-wrapper(...), anchorHoriz='center', anchorVert='center', antialias=True, autoLog=True, bold=False, color=array([1., 1., 1.]), colorSpace='rgb', contrast=1.0, depth=-1.0, flipHoriz=False, flipVert=False, font='Open Sans', fontFiles=[], height=0.04, italic=False, languageStyle='LTR', name='str_disagree', opacity=1, ori=0.0, pos=array([-0.5, -0.3]), rgb=UNKNOWN, text='(Strongly disagree)', units='height', win=Window(...), wrapWidth=1)
21.8264 	EXP 	Created agree = TextStim(__class__=<class 'psychopy.visual.text.TextStim'>, alignHoriz=method-wrapper(...), alignText='center', alignVert=method-wrapper(...), anchorHoriz='center', anchorVert='center', antialias=True, autoLog=True, bold=False, color=array([1., 1., 1.]), colorSpace='rgb', contrast=1.0, depth=-2.0, flipHoriz=False, flipVert=False, font='Open Sans', fontFiles=[], height=0.04, italic=False, languageStyle='LTR', name='agree', opacity=1, ori=0.0, pos=array([ 0.5, -0.3]), rgb=UNKNOWN, text='(Strongly agree)', units='height', win=Window(...), wrapWidth=1)
21.8349 	EXP 	Created text_11 = TextStim(__class__=<class 'psychopy.visual.text.TextStim'>, alignHoriz=method-wrapper(...), alignText='center', alignVert=method-wrapper(...), anchorHoriz='center', anchorVert='center', antialias=True, autoLog=True, bold=False, color=array([1., 1., 1.]), colorSpace='rgb', contrast=1.0, depth=-3.0, flipHoriz=False, flipVert=False, font='Open Sans', fontFiles=[], height=0.1, italic=False, languageStyle='LTR', name='text_11', opacity=1, ori=0.0, pos=array([ 0. , -0.2]), rgb=UNKNOWN, text='1  2  3  4  5  6  7', units='height', win=Window(...), wrapWidth=1)
22.3482 	EXP 	Created text_5 = TextStim(__class__=<class 'psychopy.visual.text.TextStim'>, alignHoriz=method-wrapper(...), alignText='center', alignVert=method-wrapper(...), anchorHoriz='center', anchorVert='center', antialias=True, autoLog=True, bold=False, color=array([1., 1., 1.]), colorSpace='rgb', contrast=1.0, depth=0.0, flipHoriz=False, flipVert=False, font='Open Sans', fontFiles=[], height=0.04, italic=False, languageStyle='LTR', name='text_5', opacity=1, ori=0.0, pos=array([0., 0.]), rgb=UNKNOWN, text=str(...), units='height', win=Window(...), wrapWidth=1)
22.8622 	EXP 	Created text_12 = TextStim(__class__=<class 'psychopy.visual.text.TextStim'>, alignHoriz=method-wrapper(...), alignText='center', alignVert=method-wrapper(...), anchorHoriz='center', anchorVert='center', antialias=True, autoLog=True, bold=False, color=array([1., 1., 1.]), colorSpace='rgb', contrast=1.0, depth=0.0, flipHoriz=False, flipVert=False, font='Open Sans', fontFiles=[], height=0.05, italic=False, languageStyle='LTR', name='text_12', opacity=1, ori=0.0, pos=array([0., 0.]), rgb=UNKNOWN, text=str(...), units='height', win=Window(...), wrapWidth=1)
23.3799 	EXP 	Imported OrderA.csv as conditions, 1 conditions, 2 params
23.3806 	EXP 	Created sequence: random, trialTypes=1, nReps=1, seed=None
23.3809 	EXP 	New trial (rep=0, index=0): OrderedDict([('Text', 'Welcome to the experiment. \n\nThis experiment tests the effect of sleep on cognition. You will be asked to complete five tasks. \nPlease complete all tasks. It will take no more than x minutes.\n\nPress any key to start the experiment'), ('Condition', 0)])
23.4044 	DATA 	Keypress: 2
23.4287 	EXP 	intro_text: text = 'Welcome to the experiment. \n\nThis experiment tests the effect of sleep on cognition. You will be asked to complete five tasks. \nPlease complete all tasks. It will take no more than x minutes.\n\nPress any key to start the experiment'
23.4287 	EXP 	intro_text: autoDraw = True
31.4747 	DATA 	Keypress: return
31.4941 	EXP 	intro_text: autoDraw = False
31.4941 	EXP 	instr_txt: text = 'TASK 1\n\nYou will be presented with one noun at a time. Use your keyboard arrows to choose one of the words “THIS” or “THAT” to go along with the noun.\nThere is no right or wrong answer, use your intuition. \n\nleft arrow = THIS\nright arrow = THAT\n\nPress any key to start the task when you are ready'
31.4941 	EXP 	instr_txt: autoDraw = True
61.2025 	EXP 	Imported Wordlist1.csv as conditions, 33 conditions, 16 params
61.2029 	EXP 	Created sequence: random, trialTypes=33, nReps=1, seed=None
61.2033 	EXP 	New trial (rep=0, index=0): OrderedDict([('X', 18), ('Word', 'applause'), ('Vision', -1.32819732080633), ('Valence', -1.23154718262169), ('Loudness', 2.03373651292448), ('Human', -0.354378581349128), ('TasteSmell', -0.381978113871546), ('Motion', 0.487821919237147), ('Manipulability', 1.48350148419965), ('Scene', -0.980505759381069), ('Time', 1.2167917234708), ('TorsoLegs', -0.376558638483492), ('Arousal', 1.20449154500574), ('Self', -1.55271485347812), ('type', 'self'), ('factor', -1)])
61.2102 	DATA 	Keypress: return
61.2294 	EXP 	instr_txt: autoDraw = False
61.2294 	EXP 	wordssss: text = 'applause'
61.2294 	EXP 	wordssss: autoDraw = True
61.2294 	EXP 	thisthat: autoDraw = True
63.5330 	EXP 	New trial (rep=0, index=1): OrderedDict([('X', 125), ('Word', 'dandelion'), ('Vision', 1.84388517652705), ('Valence', -0.537904136809681), ('Loudness', -1.00730784703979), ('Human', -0.177310134446994), ('TasteSmell', -0.498520928436604), ('Motion', -0.625387252913905), ('Manipulability', -0.00412468009723479), ('Scene', -0.274021975538201), ('Time', 0.234461914515598), ('TorsoLegs', -1.09432564513671), ('Arousal', 1.53607998254866), ('Self', -0.739337452050648), ('type', 'animals'), ('factor', 1)])
63.5576 	DATA 	Keypress: left
63.5766 	EXP 	wordssss: autoDraw = False
63.5766 	EXP 	thisthat: autoDraw = False
63.5766 	EXP 	wordssss: text = 'dandelion'
63.5766 	EXP 	wordssss: autoDraw = True
63.5766 	EXP 	thisthat: autoDraw = True
65.7314 	EXP 	New trial (rep=0, index=2): OrderedDict([('X', 227), ('Word', 'handshake'), ('Vision', -0.87679313525976), ('Valence', -0.535079966272606), ('Loudness', -1.07006940490814), ('Human', 0.182881004703305), ('TasteSmell', -0.581859945087154), ('Motion', 1.42869187827021), ('Manipulability', 2.94886604953319), ('Scene', -1.27976205629723), ('Time', 1.64889438775419), ('TorsoLegs', -0.920255313400509), ('Arousal', 0.48618111730422), ('Self', -1.50418213993311), ('type', 'self'), ('factor', -1)])
65.7390 	DATA 	Keypress: right
65.7481 	EXP 	wordssss: autoDraw = False
65.7481 	EXP 	thisthat: autoDraw = False
65.7481 	EXP 	wordssss: text = 'handshake'
65.7481 	EXP 	wordssss: autoDraw = True
65.7481 	EXP 	thisthat: autoDraw = True
67.3978 	EXP 	New trial (rep=0, index=3): OrderedDict([('X', 182), ('Word', 'fee'), ('Vision', -0.485313984962747), ('Valence', 0.815154955493029), ('Loudness', -0.897060983606671), ('Human', -0.626353647498336), ('TasteSmell', -0.787325105364706), ('Motion', -0.790845778749967), ('Manipulability', -0.578830817640092), ('Scene', -0.643711962001912), ('Time', -0.0186454546744452), ('TorsoLegs', -0.723182975358019), ('Arousal', -1.17411642266829), ('Self', -1.32798449669653), ('type', 'self'), ('factor', -1)])
67.4043 	DATA 	Keypress: right
67.4133 	EXP 	wordssss: autoDraw = False
67.4133 	EXP 	thisthat: autoDraw = False
67.4133 	EXP 	wordssss: text = 'fee'
67.4133 	EXP 	wordssss: autoDraw = True
67.4133 	EXP 	thisthat: autoDraw = True
68.6483 	EXP 	New trial (rep=0, index=4): OrderedDict([('X', 420), ('Word', 'stole'), ('Vision', -1.17911598339413), ('Valence', 1.97987504748165), ('Loudness', -1.23489087482248), ('Human', 0.117345491077788), ('TasteSmell', -0.358402753445867), ('Motion', 1.47075101286831), ('Manipulability', 1.84775414748032), ('Scene', -0.137061815072305), ('Time', -0.141906915672127), ('TorsoLegs', -0.508868187317489), ('Arousal', 0.407592991299105), ('Self', -1.56070386370981), ('type', 'self'), ('factor', -1)])
68.6551 	DATA 	Keypress: left
68.6638 	EXP 	wordssss: autoDraw = False
68.6638 	EXP 	thisthat: autoDraw = False
68.6638 	EXP 	wordssss: text = 'stole'
68.6638 	EXP 	wordssss: autoDraw = True
68.6638 	EXP 	thisthat: autoDraw = True
69.8305 	EXP 	New trial (rep=0, index=5): OrderedDict([('X', 99), ('Word', 'clang'), ('Vision', -0.482132382108978), ('Valence', 0.21411653081924), ('Loudness', 2.47487995642256), ('Human', -1.00725031806568), ('TasteSmell', -0.359143915913018), ('Motion', -0.502401030576656), ('Manipulability', -0.588368775026659), ('Scene', -1.82608804490307), ('Time', 1.35288026729032), ('TorsoLegs', 0.267754999582742), ('Arousal', -1.31826429329695), ('Self', -0.969656158005588), ('type', 'scene'), ('factor', -1)])
69.8379 	DATA 	Keypress: right
69.8467 	EXP 	wordssss: autoDraw = False
69.8467 	EXP 	thisthat: autoDraw = False
69.8467 	EXP 	wordssss: text = 'clang'
69.8467 	EXP 	wordssss: autoDraw = True
69.8467 	EXP 	thisthat: autoDraw = True
70.8147 	EXP 	New trial (rep=0, index=6): OrderedDict([('X', 377), ('Word', 'ricochet'), ('Vision', -0.499423012235723), ('Valence', 0.137756134920854), ('Loudness', 0.5910067032428), ('Human', -0.963181291923199), ('TasteSmell', -0.16962716561457), ('Motion', 2.8927539409705), ('Manipulability', -0.452196645787401), ('Scene', -1.46565164238181), ('Time', 0.161619548733669), ('TorsoLegs', -0.0757737026837497), ('Arousal', -0.27810657108679), ('Self', -1.62440782930065), ('type', 'self'), ('factor', -1)])
70.8220 	DATA 	Keypress: left
70.8309 	EXP 	wordssss: autoDraw = False
70.8309 	EXP 	thisthat: autoDraw = False
70.8309 	EXP 	wordssss: text = 'ricochet'
70.8309 	EXP 	wordssss: autoDraw = True
70.8309 	EXP 	thisthat: autoDraw = True
71.1642 	EXP 	New trial (rep=0, index=7): OrderedDict([('X', 495), ('Word', 'wonder'), ('Vision', -0.955543203824116), ('Valence', -0.99404852237843), ('Loudness', -0.26591876190892), ('Human', -0.940326732236392), ('TasteSmell', -0.446358035021737), ('Motion', 0.00223874056939839), ('Manipulability', -1.42465516250283), ('Scene', -1.25116074151128), ('Time', -0.874314339027545), ('TorsoLegs', -0.0470463477600677), ('Arousal', 2.09052994344349), ('Self', 0.343447309367033), ('type', 'human'), ('factor', -1)])
71.1707 	DATA 	Keypress: left
71.1797 	EXP 	wordssss: autoDraw = False
71.1797 	EXP 	thisthat: autoDraw = False
71.1797 	EXP 	wordssss: text = 'wonder'
71.1797 	EXP 	wordssss: autoDraw = True
71.1797 	EXP 	thisthat: autoDraw = True
71.5484 	EXP 	New trial (rep=0, index=8): OrderedDict([('X', 403), ('Word', 'sled'), ('Vision', -0.0535504997919183), ('Valence', -0.631941012865118), ('Loudness', -0.821263394500135), ('Human', -0.836689516761116), ('TasteSmell', -0.620061990395577), ('Motion', 1.66189715650666), ('Manipulability', 1.28701569103953), ('Scene', -0.112933180969853), ('Time', -0.0912702619154738), ('TorsoLegs', 1.80422427679579), ('Arousal', 1.42093737118693), ('Self', -1.70545646243866), ('type', 'self'), ('factor', -1)])
71.5536 	DATA 	Keypress: left
71.5630 	EXP 	wordssss: autoDraw = False
71.5630 	EXP 	thisthat: autoDraw = False
71.5630 	EXP 	wordssss: text = 'sled'
71.5630 	EXP 	wordssss: autoDraw = True
71.5630 	EXP 	thisthat: autoDraw = True
71.7151 	EXP 	New trial (rep=0, index=9): OrderedDict([('X', 408), ('Word', 'soccer'), ('Vision', -0.565838026029787), ('Valence', -0.663450308401452), ('Loudness', -0.314472983650428), ('Human', -0.252220663953035), ('TasteSmell', -0.190433296691056), ('Motion', 1.51494361395914), ('Manipulability', 0.356386808150859), ('Scene', 0.623489635718804), ('Time', 1.54495899671271), ('TorsoLegs', 1.71347579307612), ('Arousal', -0.0301015354333703), ('Self', -1.35765044917953), ('type', 'self'), ('factor', -1)])
71.7216 	DATA 	Keypress: right
71.7305 	EXP 	wordssss: autoDraw = False
71.7305 	EXP 	thisthat: autoDraw = False
71.7305 	EXP 	wordssss: text = 'soccer'
71.7305 	EXP 	wordssss: autoDraw = True
71.7305 	EXP 	thisthat: autoDraw = True
71.9323 	EXP 	New trial (rep=0, index=10): OrderedDict([('X', 399), ('Word', 'shiny'), ('Vision', 1.29114190475784), ('Valence', -0.744983324693341), ('Loudness', -0.754514264000919), ('Human', -0.0263627315270939), ('TasteSmell', -1.39519692498654), ('Motion', -0.763997861609124), ('Manipulability', -0.984995077697744), ('Scene', -0.82057218371542), ('Time', -0.377558419682609), ('TorsoLegs', -0.0748749236816389), ('Arousal', 0.922973532598976), ('Self', -1.34576652036505), ('type', 'self'), ('factor', -1)])
71.9398 	DATA 	Keypress: right
71.9485 	EXP 	wordssss: autoDraw = False
71.9485 	EXP 	thisthat: autoDraw = False
71.9485 	EXP 	wordssss: text = 'shiny'
71.9485 	EXP 	wordssss: autoDraw = True
71.9485 	EXP 	thisthat: autoDraw = True
72.1487 	EXP 	New trial (rep=0, index=11): OrderedDict([('X', 11), ('Word', 'ambulance'), ('Vision', 0.11244388329953), ('Valence', 0.903815312087466), ('Loudness', 2.07232194389037), ('Human', -0.887278229357071), ('TasteSmell', -0.0872718250049201), ('Motion', 1.13423575500573), ('Manipulability', 0.0749193114891507), ('Scene', 0.614734455886551), ('Time', -0.760426023579276), ('TorsoLegs', 0.508160161404419), ('Arousal', 0.388931831517839), ('Self', 0.345821859474101), ('type', 'human'), ('factor', -1)])
72.1569 	DATA 	Keypress: right
72.1657 	EXP 	wordssss: autoDraw = False
72.1657 	EXP 	thisthat: autoDraw = False
72.1657 	EXP 	wordssss: text = 'ambulance'
72.1657 	EXP 	wordssss: autoDraw = True
72.1657 	EXP 	thisthat: autoDraw = True
72.1980 	EXP 	New trial (rep=0, index=12): OrderedDict([('X', 205), ('Word', 'gasp'), ('Vision', -0.988564752299652), ('Valence', -0.0096789712942925), ('Loudness', 1.78247372206784), ('Human', -0.64743936778124), ('TasteSmell', 0.640334267619548), ('Motion', -0.0680282802260559), ('Manipulability', -0.9947495717965), ('Scene', -1.48876708092065), ('Time', 0.463128042883673), ('TorsoLegs', -0.282697487372883), ('Arousal', -1.50886590603069), ('Self', -0.726112320989694), ('type', 'scene'), ('factor', -1)])
72.2036 	DATA 	Keypress: left
72.2132 	EXP 	wordssss: autoDraw = False
72.2132 	EXP 	thisthat: autoDraw = False
72.2132 	EXP 	wordssss: text = 'gasp'
72.2132 	EXP 	wordssss: autoDraw = True
72.2132 	EXP 	thisthat: autoDraw = True
72.5173 	DATA 	Keypress: left
72.5323 	EXP 	New trial (rep=0, index=13): OrderedDict([('X', 396), ('Word', 'screech'), ('Vision', -0.668025745050148), ('Valence', 1.27647280364217), ('Loudness', 2.50230419283672), ('Human', -0.99718868295341), ('TasteSmell', 0.573224888623357), ('Motion', 0.216932830496717), ('Manipulability', -1.13727089461629), ('Scene', -1.42772646346444), ('Time', -0.428542709726057), ('TorsoLegs', -0.477134883656349), ('Arousal', -1.05105481140069), ('Self', -0.417777322579785), ('type', 'human'), ('factor', -1)])
72.5468 	EXP 	wordssss: autoDraw = False
72.5468 	EXP 	thisthat: autoDraw = False
72.5468 	EXP 	wordssss: text = 'screech'
72.5468 	EXP 	wordssss: autoDraw = True
72.5468 	EXP 	thisthat: autoDraw = True
72.6815 	EXP 	New trial (rep=0, index=14): OrderedDict([('X', 344), ('Word', 'penguin'), ('Vision', 1.85617372446176), ('Valence', -0.804335583630721), ('Loudness', 0.233006116897832), ('Human', 0.733003322474151), ('TasteSmell', -1.04581075777105), ('Motion', 0.194103173803278), ('Manipulability', -1.49506334241617), ('Scene', -0.231986196787657), ('Time', -0.408961714296056), ('TorsoLegs', -0.893823137018075), ('Arousal', 0.646508832224018), ('Self', -0.775100055769571), ('type', 'animals'), ('factor', 1)])
72.6883 	DATA 	Keypress: right
72.6972 	EXP 	wordssss: autoDraw = False
72.6972 	EXP 	thisthat: autoDraw = False
72.6972 	EXP 	wordssss: text = 'penguin'
72.6972 	EXP 	wordssss: autoDraw = True
72.6972 	EXP 	thisthat: autoDraw = True
72.8650 	EXP 	New trial (rep=0, index=15): OrderedDict([('X', 465), ('Word', 'truck'), ('Vision', 0.367019550421323), ('Valence', -0.29373724218351), ('Loudness', 1.21900031381948), ('Human', -0.90516131091525), ('TasteSmell', -0.100049202571685), ('Motion', 2.05514917350404), ('Manipulability', 0.305027990178528), ('Scene', 0.864857701656147), ('Time', -1.10888999433883), ('TorsoLegs', 0.297081119083928), ('Arousal', -0.646467657945434), ('Self', 0.796530067576259), ('type', 'human'), ('factor', -1)])
72.8719 	DATA 	Keypress: left
72.8808 	EXP 	wordssss: autoDraw = False
72.8808 	EXP 	thisthat: autoDraw = False
72.8808 	EXP 	wordssss: text = 'truck'
72.8808 	EXP 	wordssss: autoDraw = True
72.8808 	EXP 	thisthat: autoDraw = True
73.1488 	EXP 	New trial (rep=0, index=16): OrderedDict([('X', 105), ('Word', 'cold'), ('Vision', 0.495092911577959), ('Valence', 0.365411665542443), ('Loudness', -0.524860751941226), ('Human', -0.654979689094779), ('TasteSmell', -0.159097688091084), ('Motion', -0.959066621133571), ('Manipulability', 0.342276013166589), ('Scene', -1.99145842101247), ('Time', -0.629782556560279), ('TorsoLegs', 4.33078362584204), ('Arousal', -1.3518163482252), ('Self', -0.666845927317125), ('type', 'scene'), ('factor', -1)])
73.1584 	DATA 	Keypress: right
73.1663 	EXP 	wordssss: autoDraw = False
73.1663 	EXP 	thisthat: autoDraw = False
73.1663 	EXP 	wordssss: text = 'cold'
73.1663 	EXP 	wordssss: autoDraw = True
73.1663 	EXP 	thisthat: autoDraw = True
73.3483 	EXP 	New trial (rep=0, index=17): OrderedDict([('X', 219), ('Word', 'gunshot'), ('Vision', -0.654654214011547), ('Valence', 2.49843450400676), ('Loudness', 1.94164268853829), ('Human', -1.07744159693963), ('TasteSmell', 0.915956827310112), ('Motion', 1.92954659564881), ('Manipulability', 1.04243717699613), ('Scene', -0.833680791396029), ('Time', 1.51859390041816), ('TorsoLegs', 0.040214718199043), ('Arousal', 0.255221163405539), ('Self', -0.549521240053937), ('type', 'human'), ('factor', -1)])
73.3561 	DATA 	Keypress: right
73.3651 	EXP 	wordssss: autoDraw = False
73.3651 	EXP 	thisthat: autoDraw = False
73.3651 	EXP 	wordssss: text = 'gunshot'
73.3651 	EXP 	wordssss: autoDraw = True
73.3651 	EXP 	thisthat: autoDraw = True
73.6650 	EXP 	New trial (rep=0, index=18): OrderedDict([('X', 308), ('Word', 'moose'), ('Vision', 1.70190074296047), ('Valence', -0.160870256351531), ('Loudness', 0.749667754297019), ('Human', 0.686713181739151), ('TasteSmell', -0.158467773106931), ('Motion', 1.2794529711285), ('Manipulability', -1.82730877252666), ('Scene', 0.312373028474965), ('Time', -0.910046267794221), ('TorsoLegs', -1.06989675507654), ('Arousal', 0.208067807380049), ('Self', -0.107064315786897), ('type', 'animals'), ('factor', 1)])
73.6713 	DATA 	Keypress: left
73.6799 	EXP 	wordssss: autoDraw = False
73.6799 	EXP 	thisthat: autoDraw = False
73.6799 	EXP 	wordssss: text = 'moose'
73.6799 	EXP 	wordssss: autoDraw = True
73.6799 	EXP 	thisthat: autoDraw = True
74.0479 	EXP 	New trial (rep=0, index=19): OrderedDict([('X', 70), ('Word', 'butterfly'), ('Vision', 1.88353084177968), ('Valence', -0.901256724605949), ('Loudness', -0.858131626841118), ('Human', 0.478140003961177), ('TasteSmell', -1.10616146744451), ('Motion', 1.89111427647553), ('Manipulability', -0.819811760236439), ('Scene', -0.884239923075411), ('Time', 0.0824438387373945), ('TorsoLegs', -1.48251701551023), ('Arousal', 2.5249336792358), ('Self', -0.485746561551678), ('type', 'animals'), ('factor', 1)])
74.0544 	DATA 	Keypress: left
74.0630 	EXP 	wordssss: autoDraw = False
74.0630 	EXP 	thisthat: autoDraw = False
74.0630 	EXP 	wordssss: text = 'butterfly'
74.0630 	EXP 	wordssss: autoDraw = True
74.0630 	EXP 	thisthat: autoDraw = True
74.4483 	EXP 	New trial (rep=0, index=20): OrderedDict([('X', 416), ('Word', 'squeal'), ('Vision', -1.01384334438573), ('Valence', 0.275005447466845), ('Loudness', 2.4539584354796), ('Human', -0.714031861694339), ('TasteSmell', 0.512076544255316), ('Motion', -0.53849595948715), ('Manipulability', -0.864977659815232), ('Scene', -1.54425620541339), ('Time', 0.372659498865535), ('TorsoLegs', -0.306888583754231), ('Arousal', -0.994374004206044), ('Self', -0.646680754537086), ('type', 'scene'), ('factor', -1)])
74.4561 	DATA 	Keypress: left
74.4651 	EXP 	wordssss: autoDraw = False
74.4651 	EXP 	thisthat: autoDraw = False
74.4651 	EXP 	wordssss: text = 'squeal'
74.4651 	EXP 	wordssss: autoDraw = True
74.4651 	EXP 	thisthat: autoDraw = True
74.8313 	EXP 	New trial (rep=0, index=21): OrderedDict([('X', 471), ('Word', 'turtle'), ('Vision', 1.76037774254321), ('Valence', -0.403931511628283), ('Loudness', -0.488956798743135), ('Human', 0.31334413798084), ('TasteSmell', -0.951229200005842), ('Motion', 0.146842170542765), ('Manipulability', -0.706380113885217), ('Scene', -0.538721335138309), ('Time', -0.327464367314725), ('TorsoLegs', -0.562681869734357), ('Arousal', 0.111627047852197), ('Self', -0.466066885901031), ('type', 'animals'), ('factor', 1)])
74.8374 	DATA 	Keypress: right
74.8463 	EXP 	wordssss: autoDraw = False
74.8463 	EXP 	thisthat: autoDraw = False
74.8463 	EXP 	wordssss: text = 'turtle'
74.8463 	EXP 	wordssss: autoDraw = True
74.8463 	EXP 	thisthat: autoDraw = True
75.3976 	EXP 	New trial (rep=0, index=22): OrderedDict([('X', 132), ('Word', 'delirium'), ('Vision', -0.0752160163381297), ('Valence', 2.1879123462515), ('Loudness', -0.419948056256635), ('Human', -0.706362352558576), ('TasteSmell', -0.407757124648048), ('Motion', -0.819734569066224), ('Manipulability', -1.22164588030615), ('Scene', -1.47872568841887), ('Time', -0.291671370895704), ('TorsoLegs', 0.45474370167057), ('Arousal', 0.35607730365349), ('Self', 0.421208891885081), ('type', 'scene'), ('factor', -1)])
75.4036 	DATA 	Keypress: right
75.4132 	EXP 	wordssss: autoDraw = False
75.4132 	EXP 	thisthat: autoDraw = False
75.4132 	EXP 	wordssss: text = 'delirium'
75.4132 	EXP 	wordssss: autoDraw = True
75.4132 	EXP 	thisthat: autoDraw = True
76.0480 	EXP 	New trial (rep=0, index=23): OrderedDict([('X', 244), ('Word', 'hot'), ('Vision', 0.535150779021001), ('Valence', 0.991936776485301), ('Loudness', -0.771548633382152), ('Human', -0.501339804701455), ('TasteSmell', 0.817729888062535), ('Motion', -0.989523612910857), ('Manipulability', 0.925743422087529), ('Scene', -1.57047726319128), ('Time', -0.253175579595423), ('TorsoLegs', 3.51481709868251), ('Arousal', -0.0735743588466882), ('Self', -0.561571124623659), ('type', 'scene'), ('factor', -1)])
76.0540 	DATA 	Keypress: right
76.0628 	EXP 	wordssss: autoDraw = False
76.0628 	EXP 	thisthat: autoDraw = False
76.0628 	EXP 	wordssss: text = 'hot'
76.0628 	EXP 	wordssss: autoDraw = True
76.0628 	EXP 	thisthat: autoDraw = True
76.7313 	EXP 	New trial (rep=0, index=24): OrderedDict([('X', 45), ('Word', 'belch'), ('Vision', -0.418834355404599), ('Valence', 0.588962620561798), ('Loudness', 2.31901204345917), ('Human', -0.61191158077236), ('TasteSmell', 2.23233542853711), ('Motion', -0.000653138999692715), ('Manipulability', -1.44030640019814), ('Scene', -1.475372754251), ('Time', 1.00915724496338), ('TorsoLegs', 1.00197578934684), ('Arousal', -2.75461451437475), ('Self', 0.405707239027101), ('type', 'scene'), ('factor', -1)])
76.7374 	DATA 	Keypress: right
76.7465 	EXP 	wordssss: autoDraw = False
76.7465 	EXP 	thisthat: autoDraw = False
76.7465 	EXP 	wordssss: text = 'belch'
76.7465 	EXP 	wordssss: autoDraw = True
76.7465 	EXP 	thisthat: autoDraw = True
76.9818 	EXP 	New trial (rep=0, index=25): OrderedDict([('X', 197), ('Word', 'football'), ('Vision', 0.221309779635282), ('Valence', -0.328242402011735), ('Loudness', -0.951154248667624), ('Human', -0.609547049086499), ('TasteSmell', -0.564768504107973), ('Motion', 1.00269420811512), ('Manipulability', 2.33063062941553), ('Scene', -0.203499988588624), ('Time', -0.409546115432846), ('TorsoLegs', 2.19812982427109), ('Arousal', 0.684873515807297), ('Self', -1.37233175021465), ('type', 'self'), ('factor', -1)])
76.9884 	DATA 	Keypress: left
76.9973 	EXP 	wordssss: autoDraw = False
76.9973 	EXP 	thisthat: autoDraw = False
76.9973 	EXP 	wordssss: text = 'football'
76.9973 	EXP 	wordssss: autoDraw = True
76.9973 	EXP 	thisthat: autoDraw = True
77.2981 	EXP 	New trial (rep=0, index=26): OrderedDict([('X', 113), ('Word', 'cough'), ('Vision', -0.487835180433707), ('Valence', 1.17755686522266), ('Loudness', 2.26966081446441), ('Human', -0.752839564983667), ('TasteSmell', 1.59981977460275), ('Motion', 0.263763207108561), ('Manipulability', -0.968016551320821), ('Scene', -1.72584639372051), ('Time', 0.658626138474317), ('TorsoLegs', 1.22897866924953), ('Arousal', -2.42625956851256), ('Self', 0.606583382044051), ('type', 'scene'), ('factor', -1)])
77.3045 	DATA 	Keypress: left
77.3134 	EXP 	wordssss: autoDraw = False
77.3134 	EXP 	thisthat: autoDraw = False
77.3134 	EXP 	wordssss: text = 'cough'
77.3134 	EXP 	wordssss: autoDraw = True
77.3134 	EXP 	thisthat: autoDraw = True
77.6480 	EXP 	New trial (rep=0, index=27): OrderedDict([('X', 380), ('Word', 'rocket'), ('Vision', 0.451220183548612), ('Valence', -0.258677478489815), ('Loudness', 1.66328813368434), ('Human', -0.878375335143107), ('TasteSmell', -0.257083853713093), ('Motion', 2.42085296324444), ('Manipulability', -0.837283560696731), ('Scene', 1.44861007910719), ('Time', 0.288530669209439), ('TorsoLegs', -1.34838371321288), ('Arousal', 0.273377751928148), ('Self', -0.367121419045778), ('type', 'human'), ('factor', -1)])
77.6543 	DATA 	Keypress: right
77.6630 	EXP 	wordssss: autoDraw = False
77.6630 	EXP 	thisthat: autoDraw = False
77.6630 	EXP 	wordssss: text = 'rocket'
77.6630 	EXP 	wordssss: autoDraw = True
77.6630 	EXP 	thisthat: autoDraw = True
78.0147 	EXP 	New trial (rep=0, index=28): OrderedDict([('X', 479), ('Word', 'volcano'), ('Vision', 1.23314376626838), ('Valence', 2.27098300471524), ('Loudness', 0.951091280167051), ('Human', -0.973224085466659), ('TasteSmell', 0.158557211518999), ('Motion', 0.662572906585609), ('Manipulability', -0.818781696531587), ('Scene', 1.74953630105037), ('Time', 0.557129820686814), ('TorsoLegs', -1.09859081762966), ('Arousal', 0.960224823914964), ('Self', 0.30964741893005), ('type', 'human'), ('factor', -1)])
78.0230 	DATA 	Keypress: right
78.0323 	EXP 	wordssss: autoDraw = False
78.0323 	EXP 	thisthat: autoDraw = False
78.0323 	EXP 	wordssss: text = 'volcano'
78.0323 	EXP 	wordssss: autoDraw = True
78.0323 	EXP 	thisthat: autoDraw = True
78.5809 	EXP 	New trial (rep=0, index=29): OrderedDict([('X', 446), ('Word', 'thunder'), ('Vision', 0.138034158103097), ('Valence', 0.420496149394599), ('Loudness', 2.32335984720835), ('Human', -1.03672272128756), ('TasteSmell', -0.295754497783618), ('Motion', 0.512315042550615), ('Manipulability', -1.63143415790013), ('Scene', -1.18928242373086), ('Time', 0.946409329473457), ('TorsoLegs', -0.535708483745641), ('Arousal', -0.292731550558266), ('Self', -0.438782615657096), ('type', 'human'), ('factor', -1)])
78.5870 	DATA 	Keypress: right
78.5965 	EXP 	wordssss: autoDraw = False
78.5965 	EXP 	thisthat: autoDraw = False
78.5965 	EXP 	wordssss: text = 'thunder'
78.5965 	EXP 	wordssss: autoDraw = True
78.5965 	EXP 	thisthat: autoDraw = True
78.9480 	EXP 	New trial (rep=0, index=30): OrderedDict([('X', 254), ('Word', 'ivy'), ('Vision', 1.74940076067317), ('Valence', 0.41927135982105), ('Loudness', -0.794280990501268), ('Human', -0.434705489687501), ('TasteSmell', -0.950341816661306), ('Motion', -0.901061276906278), ('Manipulability', -0.143245825303095), ('Scene', 0.073955067427028), ('Time', -0.0542329410053226), ('TorsoLegs', -0.397479007111939), ('Arousal', 0.022473932106559), ('Self', -0.694198985874739), ('type', 'animals'), ('factor', 1)])
78.9542 	DATA 	Keypress: left
78.9632 	EXP 	wordssss: autoDraw = False
78.9632 	EXP 	thisthat: autoDraw = False
78.9632 	EXP 	wordssss: text = 'ivy'
78.9632 	EXP 	wordssss: autoDraw = True
78.9632 	EXP 	thisthat: autoDraw = True
79.5481 	EXP 	New trial (rep=0, index=31): OrderedDict([('X', 10), ('Word', 'alligator'), ('Vision', 1.85389228348167), ('Valence', 2.12394138702954), ('Loudness', 0.100998925519343), ('Human', 0.238624014465718), ('TasteSmell', 0.31363640676798), ('Motion', 1.13512465810513), ('Manipulability', -0.650846555525917), ('Scene', 0.586470803392049), ('Time', -0.907961703953524), ('TorsoLegs', -0.849096932467257), ('Arousal', 0.929984898687443), ('Self', -0.00769938631855921), ('type', 'animals'), ('factor', 1)])
79.5550 	DATA 	Keypress: left
79.5638 	EXP 	wordssss: autoDraw = False
79.5638 	EXP 	thisthat: autoDraw = False
79.5638 	EXP 	wordssss: text = 'alligator'
79.5638 	EXP 	wordssss: autoDraw = True
79.5638 	EXP 	thisthat: autoDraw = True
79.9480 	EXP 	New trial (rep=0, index=32): OrderedDict([('X', 409), ('Word', 'soft'), ('Vision', 0.773298134727102), ('Valence', -0.859037375983651), ('Loudness', 0.284769020762877), ('Human', 0.266081595131753), ('TasteSmell', -0.888820580749925), ('Motion', -1.28443770762627), ('Manipulability', 0.838893036095554), ('Scene', -1.70753656815885), ('Time', -0.606267876557006), ('TorsoLegs', 1.14407081434162), ('Arousal', -0.665851576746052), ('Self', -0.721822775023567), ('type', 'scene'), ('factor', -1)])
79.9538 	DATA 	Keypress: left
79.9629 	EXP 	wordssss: autoDraw = False
79.9629 	EXP 	thisthat: autoDraw = False
79.9629 	EXP 	wordssss: text = 'soft'
79.9629 	EXP 	wordssss: autoDraw = True
79.9629 	EXP 	thisthat: autoDraw = True
80.3903 	DATA 	Keypress: left
80.4101 	EXP 	wordssss: autoDraw = False
80.4101 	EXP 	thisthat: autoDraw = False
80.4101 	EXP 	text: text = 'TASK 2\n\nIn the next task, you will be presented some simple mathematical calculations. Your task is to determine wether the presented answer is correct or not. Respond with your keyboard arrows.\n\nEach calculation has a time limit of 5 seconds.\n\nleft = YES\nright = NO\n\nYou will first get 5 trial rounds to practice. \n\nPress space to start the trial'
80.4101 	EXP 	text: autoDraw = True
105.3713 	EXP 	Imported mentalartimeticpractice.csv as conditions, 5 conditions, 1 params
105.3717 	EXP 	Created sequence: random, trialTypes=5, nReps=1, seed=None
105.3720 	EXP 	New trial (rep=0, index=0): OrderedDict([('Stimuli', '90 - 20 x 4 = ?')])
105.3838 	DATA 	Keypress: space
105.3988 	EXP 	text: autoDraw = False
105.3988 	EXP 	text_2: text = '90 - 20 x 4 = ?'
105.3988 	EXP 	text_2: autoDraw = True
108.5808 	EXP 	New trial (rep=0, index=1): OrderedDict([('Stimuli', '5 x 5 - 17 = ?')])
108.5873 	DATA 	Keypress: right
108.5962 	EXP 	text_2: autoDraw = False
108.5962 	EXP 	text_2: text = '5 x 5 - 17 = ?'
108.5962 	EXP 	text_2: autoDraw = True
114.5812 	EXP 	New trial (rep=0, index=2): OrderedDict([('Stimuli', '10 - 18 + 11 = ?')])
114.5983 	EXP 	text_2: autoDraw = False
114.5983 	EXP 	text_2: autoDraw = False
114.5983 	EXP 	text_2: text = '10 - 18 + 11 = ?'
114.5983 	EXP 	text_2: autoDraw = True
119.2140 	EXP 	New trial (rep=0, index=3): OrderedDict([('Stimuli', '10 - 5 - 16 = ?')])
119.2225 	DATA 	Keypress: right
119.2315 	EXP 	text_2: autoDraw = False
119.2315 	EXP 	text_2: text = '10 - 5 - 16 = ?'
119.2315 	EXP 	text_2: autoDraw = True
120.6139 	EXP 	New trial (rep=0, index=4): OrderedDict([('Stimuli', '11 + 3 - 7 = ?')])
120.6204 	DATA 	Keypress: right
120.6294 	EXP 	text_2: autoDraw = False
120.6294 	EXP 	text_2: text = '11 + 3 - 7 = ?'
120.6294 	EXP 	text_2: autoDraw = True
123.1020 	DATA 	Keypress: right
123.1211 	EXP 	text_2: autoDraw = False
123.1211 	EXP 	instruu: text = 'The real trial will now start. Try to complete the tasks as accurately and fast as possible.\n\nPress space to start the task when you are ready.'
123.1211 	EXP 	instruu: autoDraw = True
127.1044 	EXP 	Imported Mentalarit1.csv as conditions, 14 conditions, 4 params
127.1048 	EXP 	Created sequence: random, trialTypes=14, nReps=1, seed=None
127.1051 	EXP 	New trial (rep=0, index=0): OrderedDict([('Stimuli', '35 - 66 - 20 = - 55?'), ('Response', 'RESPONSE RECORDED'), ('Congr', 0), ('RightAns', 'right')])
127.1135 	DATA 	Keypress: space
127.1285 	EXP 	instruu: autoDraw = False
127.1285 	EXP 	calculation: text = '35 - 66 - 20 = - 55?'
127.1285 	EXP 	calculation: autoDraw = True
127.1285 	EXP 	text_9: autoDraw = True
132.1242 	EXP 	calculation: autoDraw = False
132.1242 	EXP 	text_9: autoDraw = False
132.1242 	EXP 	Feedback: text = 'RESPONSE RECORDED'
132.1242 	EXP 	Feedback: autoDraw = True
133.6135 	EXP 	New trial (rep=0, index=1): OrderedDict([('Stimuli', '45 x 3 + 12 = 147?'), ('Response', 'SPEED UP'), ('Congr', 1), ('RightAns', 'left')])
133.6337 	EXP 	Feedback: autoDraw = False
133.6337 	EXP 	calculation: text = '45 x 3 + 12 = 147?'
133.6337 	EXP 	calculation: autoDraw = True
133.6337 	EXP 	text_9: autoDraw = True
137.4697 	DATA 	Keypress: right
137.4791 	EXP 	calculation: autoDraw = False
137.4791 	EXP 	text_9: autoDraw = False
137.4791 	EXP 	Feedback: text = 'SPEED UP'
137.4791 	EXP 	Feedback: autoDraw = True
138.9638 	EXP 	New trial (rep=0, index=2): OrderedDict([('Stimuli', '5 x 5 - 29 = -40?'), ('Response', 'SPEED UP'), ('Congr', 0), ('RightAns', 'right')])
138.9804 	EXP 	Feedback: autoDraw = False
138.9804 	EXP 	Feedback: autoDraw = False
138.9804 	EXP 	calculation: text = '5 x 5 - 29 = -40?'
138.9804 	EXP 	calculation: autoDraw = True
138.9804 	EXP 	text_9: autoDraw = True
141.6653 	DATA 	Keypress: right
141.6793 	EXP 	calculation: autoDraw = False
141.6793 	EXP 	text_9: autoDraw = False
141.6793 	EXP 	Feedback: text = 'SPEED UP'
141.6793 	EXP 	Feedback: autoDraw = True
143.1637 	EXP 	New trial (rep=0, index=3): OrderedDict([('Stimuli', '53 + 7 x 7 = 150?'), ('Response', 'YOU’RE NOT TRYING HARD ENOUGH'), ('Congr', 0), ('RightAns', 'right')])
143.1799 	EXP 	Feedback: autoDraw = False
143.1799 	EXP 	Feedback: autoDraw = False
143.1799 	EXP 	calculation: text = '53 + 7 x 7 = 150?'
143.1799 	EXP 	calculation: autoDraw = True
143.1799 	EXP 	text_9: autoDraw = True
144.2089 	DATA 	Keypress: left
144.2234 	EXP 	calculation: autoDraw = False
144.2234 	EXP 	text_9: autoDraw = False
144.2234 	EXP 	Feedback: text = 'YOU’RE NOT TRYING HARD ENOUGH'
144.2234 	EXP 	Feedback: autoDraw = True
145.7139 	EXP 	New trial (rep=0, index=4): OrderedDict([('Stimuli', '47 + 13 - 7 = 53?'), ('Response', 'RESPONSE RECORDED'), ('Congr', 1), ('RightAns', 'left')])
145.7302 	EXP 	Feedback: autoDraw = False
145.7302 	EXP 	Feedback: autoDraw = False
145.7302 	EXP 	calculation: text = '47 + 13 - 7 = 53?'
145.7302 	EXP 	calculation: autoDraw = True
145.7302 	EXP 	text_9: autoDraw = True
149.7044 	DATA 	Keypress: right
149.7133 	EXP 	calculation: autoDraw = False
149.7133 	EXP 	text_9: autoDraw = False
149.7133 	EXP 	Feedback: text = 'RESPONSE RECORDED'
149.7133 	EXP 	Feedback: autoDraw = True
151.1969 	EXP 	New trial (rep=0, index=5): OrderedDict([('Stimuli', '7 + 70 x 3 = 219?'), ('Response', 'RESPONSE RECORDED'), ('Congr', 0), ('RightAns', 'right')])
151.2138 	EXP 	Feedback: autoDraw = False
151.2138 	EXP 	Feedback: autoDraw = False
151.2138 	EXP 	calculation: text = '7 + 70 x 3 = 219?'
151.2138 	EXP 	calculation: autoDraw = True
151.2138 	EXP 	text_9: autoDraw = True
154.1822 	DATA 	Keypress: left
154.1956 	EXP 	calculation: autoDraw = False
154.1956 	EXP 	text_9: autoDraw = False
154.1956 	EXP 	Feedback: text = 'RESPONSE RECORDED'
154.1956 	EXP 	Feedback: autoDraw = True
155.6804 	EXP 	New trial (rep=0, index=6): OrderedDict([('Stimuli', '2 - 15 + 39 = 27?'), ('Response', 'RESPONSE RECORDED'), ('Congr', 0), ('RightAns', 'right')])
155.6971 	EXP 	Feedback: autoDraw = False
155.6971 	EXP 	Feedback: autoDraw = False
155.6971 	EXP 	calculation: text = '2 - 15 + 39 = 27?'
155.6971 	EXP 	calculation: autoDraw = True
155.6971 	EXP 	text_9: autoDraw = True
157.5160 	DATA 	Keypress: left
157.5290 	EXP 	calculation: autoDraw = False
157.5290 	EXP 	text_9: autoDraw = False
157.5290 	EXP 	Feedback: text = 'RESPONSE RECORDED'
157.5290 	EXP 	Feedback: autoDraw = True
159.0137 	EXP 	New trial (rep=0, index=7): OrderedDict([('Stimuli', '54 - 40 x -2 = - 27?'), ('Response', 'RESPONSE RECORDED'), ('Congr', 0), ('RightAns', 'right')])
159.0306 	EXP 	Feedback: autoDraw = False
159.0306 	EXP 	Feedback: autoDraw = False
159.0306 	EXP 	calculation: text = '54 - 40 x -2 = - 27?'
159.0306 	EXP 	calculation: autoDraw = True
159.0306 	EXP 	text_9: autoDraw = True
161.1666 	DATA 	Keypress: right
161.1957 	EXP 	calculation: autoDraw = False
161.1957 	EXP 	text_9: autoDraw = False
161.1957 	EXP 	Feedback: text = 'RESPONSE RECORDED'
161.1957 	EXP 	Feedback: autoDraw = True
162.6792 	EXP 	New trial (rep=0, index=8): OrderedDict([('Stimuli', '14 x 2 + 10 = 38?'), ('Response', 'CONCENTRATE'), ('Congr', 1), ('RightAns', 'left')])
162.6953 	EXP 	Feedback: autoDraw = False
162.6953 	EXP 	Feedback: autoDraw = False
162.6953 	EXP 	calculation: text = '14 x 2 + 10 = 38?'
162.6953 	EXP 	calculation: autoDraw = True
162.6953 	EXP 	text_9: autoDraw = True
164.1867 	DATA 	Keypress: left
164.1956 	EXP 	calculation: autoDraw = False
164.1956 	EXP 	text_9: autoDraw = False
164.1956 	EXP 	Feedback: text = 'CONCENTRATE'
164.1956 	EXP 	Feedback: autoDraw = True
165.6803 	EXP 	New trial (rep=0, index=9): OrderedDict([('Stimuli', '72 + 17 x 3 = 121?'), ('Response', 'RESPONSE RECORDED'), ('Congr', 0), ('RightAns', 'right')])
165.6967 	EXP 	Feedback: autoDraw = False
165.6967 	EXP 	Feedback: autoDraw = False
165.6967 	EXP 	calculation: text = '72 + 17 x 3 = 121?'
165.6967 	EXP 	calculation: autoDraw = True
165.6967 	EXP 	text_9: autoDraw = True
167.4202 	DATA 	Keypress: left
167.4288 	EXP 	calculation: autoDraw = False
167.4288 	EXP 	text_9: autoDraw = False
167.4288 	EXP 	Feedback: text = 'RESPONSE RECORDED'
167.4288 	EXP 	Feedback: autoDraw = True
168.9136 	EXP 	New trial (rep=0, index=10): OrderedDict([('Stimuli', '54 + 60 - 1 = 113?'), ('Response', 'PAY ATTENTION'), ('Congr', 1), ('RightAns', 'left')])
168.9302 	EXP 	Feedback: autoDraw = False
168.9302 	EXP 	Feedback: autoDraw = False
168.9302 	EXP 	calculation: text = '54 + 60 - 1 = 113?'
168.9302 	EXP 	calculation: autoDraw = True
168.9302 	EXP 	text_9: autoDraw = True
170.5195 	DATA 	Keypress: right
170.5286 	EXP 	calculation: autoDraw = False
170.5286 	EXP 	text_9: autoDraw = False
170.5286 	EXP 	Feedback: text = 'PAY ATTENTION'
170.5286 	EXP 	Feedback: autoDraw = True
172.0135 	EXP 	New trial (rep=0, index=11): OrderedDict([('Stimuli', '7 x 11 - 21 = 56?'), ('Response', 'SPEED UP'), ('Congr', 1), ('RightAns', 'left')])
172.0296 	EXP 	Feedback: autoDraw = False
172.0296 	EXP 	Feedback: autoDraw = False
172.0296 	EXP 	calculation: text = '7 x 11 - 21 = 56?'
172.0296 	EXP 	calculation: autoDraw = True
172.0296 	EXP 	text_9: autoDraw = True
173.4206 	DATA 	Keypress: right
173.4292 	EXP 	calculation: autoDraw = False
173.4292 	EXP 	text_9: autoDraw = False
173.4292 	EXP 	Feedback: text = 'SPEED UP'
173.4292 	EXP 	Feedback: autoDraw = True
174.5476 	DATA 	Keypress: right
174.9131 	EXP 	New trial (rep=0, index=12): OrderedDict([('Stimuli', '14 x 2 - 3 = 25?'), ('Response', 'TRY HARDER'), ('Congr', 1), ('RightAns', 'left')])
174.9294 	EXP 	Feedback: autoDraw = False
174.9294 	EXP 	Feedback: autoDraw = False
174.9294 	EXP 	calculation: text = '14 x 2 - 3 = 25?'
174.9294 	EXP 	calculation: autoDraw = True
174.9294 	EXP 	text_9: autoDraw = True
175.1699 	DATA 	Keypress: right
175.1787 	EXP 	calculation: autoDraw = False
175.1787 	EXP 	text_9: autoDraw = False
175.1787 	EXP 	Feedback: text = 'TRY HARDER'
175.1787 	EXP 	Feedback: autoDraw = True
176.6635 	EXP 	New trial (rep=0, index=13): OrderedDict([('Stimuli', '6 - 58 + 11 = -41?'), ('Response', 'RESPONSE RECORDED'), ('Congr', 1), ('RightAns', 'left')])
176.6802 	EXP 	Feedback: autoDraw = False
176.6802 	EXP 	Feedback: autoDraw = False
176.6802 	EXP 	calculation: text = '6 - 58 + 11 = -41?'
176.6802 	EXP 	calculation: autoDraw = True
176.6802 	EXP 	text_9: autoDraw = True
176.9359 	DATA 	Keypress: left
176.9449 	EXP 	calculation: autoDraw = False
176.9449 	EXP 	text_9: autoDraw = False
176.9449 	EXP 	Feedback: text = 'RESPONSE RECORDED'
176.9449 	EXP 	Feedback: autoDraw = True
178.4652 	EXP 	Feedback: autoDraw = False
178.4652 	EXP 	Feedback: autoDraw = False
178.4652 	EXP 	neg_feedB: text = 'TIME’S UP\n\nYou answered 5 out of 15 correctly.\n\nYour performance is below 82% \nof all previous participants. \n\n\nPress any key to continue to round 2.'
178.4652 	EXP 	neg_feedB: autoDraw = True
183.4814 	DATA 	Keypress: right
184.3721 	EXP 	Imported Mentalarit2.2.csv as conditions, 14 conditions, 4 params
184.3726 	EXP 	Created sequence: random, trialTypes=14, nReps=1, seed=None
184.3730 	EXP 	New trial (rep=0, index=0): OrderedDict([('Stimuli', '7 + 46 + 16 = 67?'), ('Response', 'RESPONSE RECORDED'), ('Congr', 0), ('RightAns', 'right')])
184.3813 	DATA 	Keypress: space
184.3964 	EXP 	neg_feedB: autoDraw = False
184.3964 	EXP 	text_6: text = '7 + 46 + 16 = 67?'
184.3964 	EXP 	text_6: autoDraw = True
184.3964 	EXP 	text_10: autoDraw = True
185.5556 	DATA 	Keypress: right
185.5645 	EXP 	text_6: autoDraw = False
185.5645 	EXP 	text_10: autoDraw = False
185.5645 	EXP 	resp: text = 'RESPONSE RECORDED'
185.5645 	EXP 	resp: autoDraw = True
187.0635 	EXP 	New trial (rep=0, index=1): OrderedDict([('Stimuli', '19 x 40 + 10 = 831?'), ('Response', 'RESPONSE RECORDED'), ('Congr', 0), ('RightAns', 'right')])
187.0806 	EXP 	resp: autoDraw = False
187.0806 	EXP 	resp: autoDraw = False
187.0806 	EXP 	text_6: text = '19 x 40 + 10 = 831?'
187.0806 	EXP 	text_6: autoDraw = True
187.0806 	EXP 	text_10: autoDraw = True
187.3818 	DATA 	Keypress: right
187.3955 	EXP 	text_6: autoDraw = False
187.3955 	EXP 	text_10: autoDraw = False
187.3955 	EXP 	resp: text = 'RESPONSE RECORDED'
187.3955 	EXP 	resp: autoDraw = True
188.8800 	EXP 	New trial (rep=0, index=2): OrderedDict([('Stimuli', '7 x 11 - 21 = 56?'), ('Response', 'GO FASTER'), ('Congr', 1), ('RightAns', 'left')])
188.8964 	EXP 	resp: autoDraw = False
188.8964 	EXP 	resp: autoDraw = False
188.8964 	EXP 	text_6: text = '7 x 11 - 21 = 56?'
188.8964 	EXP 	text_6: autoDraw = True
188.8964 	EXP 	text_10: autoDraw = True
189.0044 	DATA 	Keypress: left
189.0136 	EXP 	text_6: autoDraw = False
189.0136 	EXP 	text_10: autoDraw = False
189.0136 	EXP 	resp: text = 'GO FASTER'
189.0136 	EXP 	resp: autoDraw = True
190.5134 	EXP 	New trial (rep=0, index=3): OrderedDict([('Stimuli', '27 x 2 - 77 = -24?'), ('Response', 'YOU NEED TO CONCENTRATE'), ('Congr', 0), ('RightAns', 'right')])
190.5300 	EXP 	resp: autoDraw = False
190.5300 	EXP 	resp: autoDraw = False
190.5300 	EXP 	text_6: text = '27 x 2 - 77 = -24?'
190.5300 	EXP 	text_6: autoDraw = True
190.5300 	EXP 	text_10: autoDraw = True
190.8043 	DATA 	Keypress: left
190.8137 	EXP 	text_6: autoDraw = False
190.8137 	EXP 	text_10: autoDraw = False
190.8137 	EXP 	resp: text = 'YOU NEED TO CONCENTRATE'
190.8137 	EXP 	resp: autoDraw = True
192.3133 	EXP 	New trial (rep=0, index=4): OrderedDict([('Stimuli', '7 - 8 - 9 = -11?'), ('Response', 'SPEED UP'), ('Congr', 0), ('RightAns', 'right')])
192.3299 	EXP 	resp: autoDraw = False
192.3299 	EXP 	resp: autoDraw = False
192.3299 	EXP 	text_6: text = '7 - 8 - 9 = -11?'
192.3299 	EXP 	text_6: autoDraw = True
192.3299 	EXP 	text_10: autoDraw = True
192.4365 	DATA 	Keypress: right
192.4451 	EXP 	text_6: autoDraw = False
192.4451 	EXP 	text_10: autoDraw = False
192.4451 	EXP 	resp: text = 'SPEED UP'
192.4451 	EXP 	resp: autoDraw = True
193.9300 	EXP 	New trial (rep=0, index=5): OrderedDict([('Stimuli', '6 - 13 + 4 = -3?'), ('Response', 'CONCENTRATE'), ('Congr', 1), ('RightAns', 'left')])
193.9463 	EXP 	resp: autoDraw = False
193.9463 	EXP 	resp: autoDraw = False
193.9463 	EXP 	text_6: text = '6 - 13 + 4 = -3?'
193.9463 	EXP 	text_6: autoDraw = True
193.9463 	EXP 	text_10: autoDraw = True
194.0031 	DATA 	Keypress: right
194.0120 	EXP 	text_6: autoDraw = False
194.0120 	EXP 	text_10: autoDraw = False
194.0120 	EXP 	resp: text = 'CONCENTRATE'
194.0120 	EXP 	resp: autoDraw = True
195.4965 	EXP 	New trial (rep=0, index=6): OrderedDict([('Stimuli', '13 x 3 + 2 = 90?'), ('Response', 'RESPONSE RECORDED'), ('Congr', 0), ('RightAns', 'right')])
195.5123 	EXP 	resp: autoDraw = False
195.5123 	EXP 	resp: autoDraw = False
195.5123 	EXP 	text_6: text = '13 x 3 + 2 = 90?'
195.5123 	EXP 	text_6: autoDraw = True
195.5123 	EXP 	text_10: autoDraw = True
195.7327 	DATA 	Keypress: left
195.7620 	EXP 	text_6: autoDraw = False
195.7620 	EXP 	text_10: autoDraw = False
195.7620 	EXP 	resp: text = 'RESPONSE RECORDED'
195.7620 	EXP 	resp: autoDraw = True
197.2460 	EXP 	New trial (rep=0, index=7): OrderedDict([('Stimuli', '10 x 11 + 45 = 155?'), ('Response', 'RESPONSE RECORDED'), ('Congr', 1), ('RightAns', 'left')])
197.2620 	EXP 	resp: autoDraw = False
197.2620 	EXP 	resp: autoDraw = False
197.2620 	EXP 	text_6: text = '10 x 11 + 45 = 155?'
197.2620 	EXP 	text_6: autoDraw = True
197.2620 	EXP 	text_10: autoDraw = True
197.2817 	DATA 	Keypress: left
197.2952 	EXP 	text_6: autoDraw = False
197.2952 	EXP 	text_10: autoDraw = False
197.2952 	EXP 	resp: text = 'RESPONSE RECORDED'
197.2952 	EXP 	resp: autoDraw = True
198.7785 	EXP 	New trial (rep=0, index=8): OrderedDict([('Stimuli', '17 x 2 - 10 = 24?'), ('Response', 'RESPONSE RECORDED'), ('Congr', 1), ('RightAns', 'left')])
198.7957 	EXP 	resp: autoDraw = False
198.7957 	EXP 	resp: autoDraw = False
198.7957 	EXP 	text_6: text = '17 x 2 - 10 = 24?'
198.7957 	EXP 	text_6: autoDraw = True
198.7957 	EXP 	text_10: autoDraw = True
199.3481 	DATA 	Keypress: right
199.3620 	EXP 	text_6: autoDraw = False
199.3620 	EXP 	text_10: autoDraw = False
199.3620 	EXP 	resp: text = 'RESPONSE RECORDED'
199.3620 	EXP 	resp: autoDraw = True
200.8463 	EXP 	New trial (rep=0, index=9): OrderedDict([('Stimuli', '62 - 15 x 3 = 5?'), ('Response', 'PAY ATTENTION'), ('Congr', 0), ('RightAns', 'right')])
200.8624 	EXP 	resp: autoDraw = False
200.8624 	EXP 	resp: autoDraw = False
200.8624 	EXP 	text_6: text = '62 - 15 x 3 = 5?'
200.8624 	EXP 	text_6: autoDraw = True
200.8624 	EXP 	text_10: autoDraw = True
201.1526 	DATA 	Keypress: right
201.1617 	EXP 	text_6: autoDraw = False
201.1617 	EXP 	text_10: autoDraw = False
201.1617 	EXP 	resp: text = 'PAY ATTENTION'
201.1617 	EXP 	resp: autoDraw = True
202.6465 	EXP 	New trial (rep=0, index=10): OrderedDict([('Stimuli', '55 - 66 + 14 = 3?'), ('Response', 'RESPONSE RECORDED'), ('Congr', 1), ('RightAns', 'left')])
202.6629 	EXP 	resp: autoDraw = False
202.6629 	EXP 	resp: autoDraw = False
202.6629 	EXP 	text_6: text = '55 - 66 + 14 = 3?'
202.6629 	EXP 	text_6: autoDraw = True
202.6629 	EXP 	text_10: autoDraw = True
202.9044 	DATA 	Keypress: left
202.9135 	EXP 	text_6: autoDraw = False
202.9135 	EXP 	text_10: autoDraw = False
202.9135 	EXP 	resp: text = 'RESPONSE RECORDED'
202.9135 	EXP 	resp: autoDraw = True
204.4129 	EXP 	New trial (rep=0, index=11): OrderedDict([('Stimuli', '56 - 6 x 3 = 33?'), ('Response', 'SPEED UP'), ('Congr', 0), ('RightAns', 'right')])
204.4286 	EXP 	resp: autoDraw = False
204.4286 	EXP 	resp: autoDraw = False
204.4286 	EXP 	text_6: text = '56 - 6 x 3 = 33?'
204.4286 	EXP 	text_6: autoDraw = True
204.4286 	EXP 	text_10: autoDraw = True
204.6526 	DATA 	Keypress: left
204.6617 	EXP 	text_6: autoDraw = False
204.6617 	EXP 	text_10: autoDraw = False
204.6617 	EXP 	resp: text = 'SPEED UP'
204.6617 	EXP 	resp: autoDraw = True
206.1465 	EXP 	New trial (rep=0, index=12): OrderedDict([('Stimuli', '33 - 15 - 49 = -40?'), ('Response', 'TRY HARDER'), ('Congr', 0), ('RightAns', 'right')])
206.1634 	EXP 	resp: autoDraw = False
206.1634 	EXP 	resp: autoDraw = False
206.1634 	EXP 	text_6: text = '33 - 15 - 49 = -40?'
206.1634 	EXP 	text_6: autoDraw = True
206.1634 	EXP 	text_10: autoDraw = True
206.3860 	DATA 	Keypress: right
206.3950 	EXP 	text_6: autoDraw = False
206.3950 	EXP 	text_10: autoDraw = False
206.3950 	EXP 	resp: text = 'TRY HARDER'
206.3950 	EXP 	resp: autoDraw = True
207.8799 	EXP 	New trial (rep=0, index=13): OrderedDict([('Stimuli', '12 + 10 x 4 = 70?'), ('Response', 'RESPONSE RECORDED'), ('Congr', 0), ('RightAns', 'right')])
207.8967 	EXP 	resp: autoDraw = False
207.8967 	EXP 	resp: autoDraw = False
207.8967 	EXP 	text_6: text = '12 + 10 x 4 = 70?'
207.8967 	EXP 	text_6: autoDraw = True
207.8967 	EXP 	text_10: autoDraw = True
208.5200 	DATA 	Keypress: right
208.5290 	EXP 	text_6: autoDraw = False
208.5290 	EXP 	text_10: autoDraw = False
208.5290 	EXP 	resp: text = 'RESPONSE RECORDED'
208.5290 	EXP 	resp: autoDraw = True
210.0175 	EXP 	Imported Order2A.csv as conditions, 1 conditions, 1 params
210.0180 	EXP 	Created sequence: random, trialTypes=1, nReps=1, seed=None
210.0183 	EXP 	New trial (rep=0, index=0): OrderedDict([('Text', 'You have now completed the mental arithmetic task. You are halfway through the experiment.\n\nPress space to continue')])
210.0454 	EXP 	resp: autoDraw = False
210.0454 	EXP 	resp: autoDraw = False
210.0454 	EXP 	text_8: text = 'You have now completed the mental arithmetic task. You are halfway through the experiment.\n\nPress space to continue'
210.0454 	EXP 	text_8: autoDraw = True
210.2482 	DATA 	Keypress: left
214.8180 	DATA 	Keypress: space
214.8281 	EXP 	text_8: autoDraw = False
214.8281 	EXP 	text_3: autoDraw = True
223.8884 	EXP 	Imported Wordlist2.csv as conditions, 33 conditions, 16 params
223.8889 	EXP 	Created sequence: random, trialTypes=33, nReps=1, seed=None
223.8894 	EXP 	New trial (rep=0, index=0): OrderedDict([('X', 62), ('Word', 'bridge'), ('Vision', 0.464030391538054), ('Valence', -0.237021228144844), ('Loudness', -0.600430571373586), ('Human', -0.642451966633317), ('TasteSmell', -0.741973445293771), ('Motion', -0.166679450380367), ('Manipulability', -0.59829156651228), ('Scene', 2.5144651937639), ('Time', -1.34565684295587), ('TorsoLegs', 0.387356116023624), ('Arousal', -1.03904787248834), ('Self', 0.383387801938314), ('type', 'scene'), ('factor', 1)])
223.8961 	DATA 	Keypress: space
223.9151 	EXP 	text_3: autoDraw = False
223.9151 	EXP 	nouns: text = 'bridge'
223.9151 	EXP 	nouns: autoDraw = True
223.9151 	EXP 	thisthats: autoDraw = True
225.5465 	EXP 	New trial (rep=0, index=1): OrderedDict([('X', 243), ('Word', 'hospital'), ('Vision', 0.228579642458398), ('Valence', 1.72579646167766), ('Loudness', -0.521473264146051), ('Human', -0.588086532639103), ('TasteSmell', 0.181878569769037), ('Motion', -1.08876700326742), ('Manipulability', -0.118585853783211), ('Scene', 3.104092355555), ('Time', -0.598188673108019), ('TorsoLegs', 0.31647361418319), ('Arousal', -0.153714327006297), ('Self', 1.26881872632561), ('type', 'scene'), ('factor', 1)])
225.5527 	DATA 	Keypress: left
225.5614 	EXP 	nouns: autoDraw = False
225.5614 	EXP 	thisthats: autoDraw = False
225.5614 	EXP 	nouns: text = 'hospital'
225.5614 	EXP 	nouns: autoDraw = True
225.5614 	EXP 	thisthats: autoDraw = True
225.9464 	EXP 	New trial (rep=0, index=2): OrderedDict([('X', 155), ('Word', 'elephant'), ('Vision', 1.96526843295015), ('Valence', -0.19519202641023), ('Loudness', 1.75846326654044), ('Human', 0.449829753276599), ('TasteSmell', -0.430862227430354), ('Motion', 0.425608117953025), ('Manipulability', -1.63524591319371), ('Scene', 0.646280012960567), ('Time', -0.727563947121273), ('TorsoLegs', -0.87760137866473), ('Arousal', 0.359492166002806), ('Self', 0.356863326115869), ('type', 'animals'), ('factor', 1)])
225.9528 	DATA 	Keypress: right
225.9616 	EXP 	nouns: autoDraw = False
225.9616 	EXP 	thisthats: autoDraw = False
225.9616 	EXP 	nouns: text = 'elephant'
225.9616 	EXP 	nouns: autoDraw = True
225.9616 	EXP 	thisthats: autoDraw = True
226.2463 	EXP 	New trial (rep=0, index=3): OrderedDict([('X', 198), ('Word', 'forest'), ('Vision', 0.899674403596964), ('Valence', -0.52680663838978), ('Loudness', -0.417370644313202), ('Human', -0.447882691471316), ('TasteSmell', -0.278610745201563), ('Motion', -0.494254692912582), ('Manipulability', -1.03759650724386), ('Scene', 2.54592611831332), ('Time', -1.198676624978), ('TorsoLegs', 1.46315306926126), ('Arousal', 0.591945820585123), ('Self', 0.474885003272952), ('type', 'scene'), ('factor', 1)])
226.2526 	DATA 	Keypress: left
226.2614 	EXP 	nouns: autoDraw = False
226.2614 	EXP 	thisthats: autoDraw = False
226.2614 	EXP 	nouns: text = 'forest'
226.2614 	EXP 	nouns: autoDraw = True
226.2614 	EXP 	thisthats: autoDraw = True
226.5796 	EXP 	New trial (rep=0, index=4): OrderedDict([('X', 138), ('Word', 'diplomat'), ('Vision', -0.505995575388495), ('Valence', -0.254080700695453), ('Loudness', -0.059895852163565), ('Human', 2.87783606732456), ('TasteSmell', 0.0216402301981432), ('Motion', -0.247018816581685), ('Manipulability', -0.232591359616704), ('Scene', 0.370073469103411), ('Time', -0.657221492270282), ('TorsoLegs', -0.687782399223398), ('Arousal', -0.314584670096443), ('Self', -0.688810006135506), ('type', 'human'), ('factor', 1)])
226.5864 	DATA 	Keypress: right
226.5953 	EXP 	nouns: autoDraw = False
226.5953 	EXP 	thisthats: autoDraw = False
226.5953 	EXP 	nouns: text = 'diplomat'
226.5953 	EXP 	nouns: autoDraw = True
226.5953 	EXP 	thisthats: autoDraw = True
226.8303 	EXP 	New trial (rep=0, index=5): OrderedDict([('X', 448), ('Word', 'tiger'), ('Vision', 2.05287410988366), ('Valence', 0.943607278434517), ('Loudness', 1.19826475812705), ('Human', 0.541921188205893), ('TasteSmell', -0.499061602393047), ('Motion', 1.04131077567957), ('Manipulability', -1.53879624847568), ('Scene', 0.252994645116808), ('Time', -0.645529798422948), ('TorsoLegs', -0.991749388962503), ('Arousal', 1.1583205989229), ('Self', 0.395074798852492), ('type', 'animals'), ('factor', 1)])
226.8369 	DATA 	Keypress: left
226.8459 	EXP 	nouns: autoDraw = False
226.8459 	EXP 	thisthats: autoDraw = False
226.8459 	EXP 	nouns: text = 'tiger'
226.8459 	EXP 	nouns: autoDraw = True
226.8459 	EXP 	thisthats: autoDraw = True
227.0796 	EXP 	New trial (rep=0, index=6): OrderedDict([('X', 324), ('Word', 'nose'), ('Vision', 1.56314488978993), ('Valence', 0.151945917902418), ('Loudness', 0.543934884383805), ('Human', 0.385157149127848), ('TasteSmell', -0.292121543510491), ('Motion', -1.05351163198778), ('Manipulability', 0.583051528798509), ('Scene', -0.302671123812616), ('Time', -0.0136023828835657), ('TorsoLegs', -0.83376400830897), ('Arousal', -0.846865390549726), ('Self', 3.65911768704888), ('type', 'self'), ('factor', 1)])
227.0856 	DATA 	Keypress: right
227.0863 	DATA 	Keypress: left
227.0951 	EXP 	nouns: autoDraw = False
227.0951 	EXP 	thisthats: autoDraw = False
227.0951 	EXP 	nouns: text = 'nose'
227.0951 	EXP 	nouns: autoDraw = True
227.0951 	EXP 	thisthats: autoDraw = True
227.2471 	EXP 	New trial (rep=0, index=7): OrderedDict([('X', 196), ('Word', 'foot'), ('Vision', 0.962883009171892), ('Valence', 0.0356093600107921), ('Loudness', -0.824073533420027), ('Human', 0.734381012282812), ('TasteSmell', -0.391657552008429), ('Motion', 1.98712088432419), ('Manipulability', 0.159941657719485), ('Scene', -0.165269630799209), ('Time', -0.577587868873458), ('TorsoLegs', 0.708635268828088), ('Arousal', -1.96025348225297), ('Self', 2.74771039934107), ('type', 'self'), ('factor', 1)])
227.2533 	DATA 	Keypress: left
227.2621 	EXP 	nouns: autoDraw = False
227.2621 	EXP 	thisthats: autoDraw = False
227.2621 	EXP 	nouns: text = 'foot'
227.2621 	EXP 	nouns: autoDraw = True
227.2621 	EXP 	thisthats: autoDraw = True
227.3656 	DATA 	Keypress: right
227.3793 	EXP 	New trial (rep=0, index=8): OrderedDict([('X', 391), ('Word', 'school'), ('Vision', -0.69718852139266), ('Valence', 0.0673994609004565), ('Loudness', 0.00520000046360074), ('Human', -0.377633130490572), ('TasteSmell', -0.042877336622714), ('Motion', -1.1710099132756), ('Manipulability', 0.420000706465667), ('Scene', 2.87083954181998), ('Time', 1.33329473696414), ('TorsoLegs', 0.271237117251859), ('Arousal', -0.423446958842329), ('Self', 1.28423995590719), ('type', 'scene'), ('factor', 1)])
227.3951 	EXP 	nouns: autoDraw = False
227.3951 	EXP 	thisthats: autoDraw = False
227.3951 	EXP 	nouns: text = 'school'
227.3951 	EXP 	nouns: autoDraw = True
227.3951 	EXP 	thisthats: autoDraw = True
227.4801 	EXP 	New trial (rep=0, index=9): OrderedDict([('X', 315), ('Word', 'mouth'), ('Vision', 0.687039204876003), ('Valence', 0.133204658888374), ('Loudness', 1.6411954826393), ('Human', 1.45210495013159), ('TasteSmell', 1.36860844960893), ('Motion', -0.0938998681564439), ('Manipulability', 0.114340899093847), ('Scene', -0.225116678049611), ('Time', -0.431269340727133), ('TorsoLegs', -1.55688678695402), ('Arousal', -1.34145927488042), ('Self', 4.02815402519097), ('type', 'self'), ('factor', 1)])
227.4868 	DATA 	Keypress: left
227.4956 	EXP 	nouns: autoDraw = False
227.4956 	EXP 	thisthats: autoDraw = False
227.4956 	EXP 	nouns: text = 'mouth'
227.4956 	EXP 	nouns: autoDraw = True
227.4956 	EXP 	thisthats: autoDraw = True
227.5796 	EXP 	New trial (rep=0, index=10): OrderedDict([('X', 256), ('Word', 'jaw'), ('Vision', 0.489961841880612), ('Valence', -0.0976355822314122), ('Loudness', 0.190532548846092), ('Human', 1.16361478526449), ('TasteSmell', 0.432377242362191), ('Motion', 0.312668733297894), ('Manipulability', -0.141494826182104), ('Scene', -0.549760928246342), ('Time', -0.316276692236749), ('TorsoLegs', -0.704114346692777), ('Arousal', -1.83940062177479), ('Self', 3.47828828530887), ('type', 'self'), ('factor', 1)])
227.5871 	DATA 	Keypress: right
227.5965 	EXP 	nouns: autoDraw = False
227.5965 	EXP 	thisthats: autoDraw = False
227.5965 	EXP 	nouns: text = 'jaw'
227.5965 	EXP 	nouns: autoDraw = True
227.5965 	EXP 	thisthats: autoDraw = True
227.6965 	EXP 	New trial (rep=0, index=11): OrderedDict([('X', 283), ('Word', 'lip'), ('Vision', 0.81689922036489), ('Valence', -0.148844434959221), ('Loudness', 0.863210575018895), ('Human', 0.898733401739727), ('TasteSmell', 0.780257620891836), ('Motion', 0.0352059860250045), ('Manipulability', 0.264973948982381), ('Scene', -0.429486693727186), ('Time', -0.185490150997475), ('TorsoLegs', -1.78040779322691), ('Arousal', -0.719009495888411), ('Self', 3.51729137295379), ('type', 'self'), ('factor', 1)])
227.7024 	DATA 	Keypress: left
227.7110 	EXP 	nouns: autoDraw = False
227.7110 	EXP 	thisthats: autoDraw = False
227.7110 	EXP 	nouns: text = 'lip'
227.7110 	EXP 	nouns: autoDraw = True
227.7110 	EXP 	thisthats: autoDraw = True
227.8304 	EXP 	New trial (rep=0, index=12): OrderedDict([('X', 106), ('Word', 'college'), ('Vision', -1.12288881588259), ('Valence', -0.128905625548693), ('Loudness', -0.552764565334582), ('Human', -0.420499438722743), ('TasteSmell', -0.0951428223603407), ('Motion', -0.810295997071137), ('Manipulability', 0.348578813070189), ('Scene', 2.72071421793998), ('Time', 2.16090073541846), ('TorsoLegs', 0.36971276499892), ('Arousal', 0.152898511394036), ('Self', 0.788989338265579), ('type', 'scene'), ('factor', 1)])
227.8375 	DATA 	Keypress: right
227.8465 	EXP 	nouns: autoDraw = False
227.8465 	EXP 	thisthats: autoDraw = False
227.8465 	EXP 	nouns: text = 'college'
227.8465 	EXP 	nouns: autoDraw = True
227.8465 	EXP 	thisthats: autoDraw = True
227.9296 	EXP 	New trial (rep=0, index=13): OrderedDict([('X', 9), ('Word', 'airport'), ('Vision', -0.226736175829854), ('Valence', 0.127372987987442), ('Loudness', 0.919175690028696), ('Human', -0.531432281539024), ('TasteSmell', 0.164111984806963), ('Motion', 0.503833690941354), ('Manipulability', -0.523233575830043), ('Scene', 2.9162798521935), ('Time', -0.0932606140189964), ('TorsoLegs', 0.344841434523604), ('Arousal', -0.788972936935579), ('Self', 0.326550348228053), ('type', 'scene'), ('factor', 1)])
227.9360 	DATA 	Keypress: left
227.9449 	EXP 	nouns: autoDraw = False
227.9449 	EXP 	thisthats: autoDraw = False
227.9449 	EXP 	nouns: text = 'airport'
227.9449 	EXP 	nouns: autoDraw = True
227.9449 	EXP 	thisthats: autoDraw = True
228.0659 	DATA 	Keypress: right
228.0798 	EXP 	New trial (rep=0, index=14): OrderedDict([('X', 158), ('Word', 'embassy'), ('Vision', -0.609657470697677), ('Valence', -0.600255934742358), ('Loudness', -0.940396304928215), ('Human', -0.258292736024426), ('TasteSmell', -0.523328750943112), ('Motion', -0.699508108846924), ('Manipulability', -0.594587496563098), ('Scene', 2.5462205531654), ('Time', -0.733592567299741), ('TorsoLegs', -1.13299407977146), ('Arousal', -0.69300415213881), ('Self', -0.825668524802612), ('type', 'scene'), ('factor', 1)])
228.0949 	EXP 	nouns: autoDraw = False
228.0949 	EXP 	thisthats: autoDraw = False
228.0949 	EXP 	nouns: text = 'embassy'
228.0949 	EXP 	nouns: autoDraw = True
228.0949 	EXP 	thisthats: autoDraw = True
228.1983 	DATA 	Keypress: left
228.2134 	EXP 	New trial (rep=0, index=15): OrderedDict([('X', 494), ('Word', 'woman'), ('Vision', 0.62991226047688), ('Valence', -0.148763449949016), ('Loudness', 0.558363027814594), ('Human', 2.90955338927587), ('TasteSmell', 0.518360646891453), ('Motion', -0.343892408350007), ('Manipulability', 0.46606470956291), ('Scene', -0.561256639046254), ('Time', -0.416307416636789), ('TorsoLegs', 2.01177138339784), ('Arousal', 1.37061049107557), ('Self', 1.39209505514965), ('type', 'human'), ('factor', 1)])
228.2282 	EXP 	nouns: autoDraw = False
228.2282 	EXP 	thisthats: autoDraw = False
228.2282 	EXP 	nouns: text = 'woman'
228.2282 	EXP 	nouns: autoDraw = True
228.2282 	EXP 	thisthats: autoDraw = True
228.3134 	EXP 	New trial (rep=0, index=16): OrderedDict([('X', 24), ('Word', 'ate'), ('Vision', -0.228063338557464), ('Valence', -0.460112793557682), ('Loudness', -0.221719551452298), ('Human', 1.17782468642489), ('TasteSmell', 3.03845007154598), ('Motion', 0.918853497063326), ('Manipulability', -0.199990429632851), ('Scene', -0.718012712801087), ('Time', 1.66637468435665), ('TorsoLegs', -0.145716702256103), ('Arousal', -0.153637277023917), ('Self', 2.78364741168099), ('type', 'self'), ('factor', 1)])
228.3202 	DATA 	Keypress: right
228.3291 	EXP 	nouns: autoDraw = False
228.3291 	EXP 	thisthats: autoDraw = False
228.3291 	EXP 	nouns: text = 'ate'
228.3291 	EXP 	nouns: autoDraw = True
228.3291 	EXP 	thisthats: autoDraw = True
228.5131 	EXP 	New trial (rep=0, index=17): OrderedDict([('X', 171), ('Word', 'eye'), ('Vision', 1.24447912049614), ('Valence', 0.00256011028710394), ('Loudness', -0.448355739607908), ('Human', 0.785731322947673), ('TasteSmell', -0.625492105414492), ('Motion', 0.45262857116811), ('Manipulability', -0.0957455958695539), ('Scene', -0.0794934226923193), ('Time', -0.0738231040905731), ('TorsoLegs', -2.00849034145294), ('Arousal', 0.668088001899117), ('Self', 3.51703605136761), ('type', 'self'), ('factor', 1)])
228.5194 	DATA 	Keypress: left
228.5282 	EXP 	nouns: autoDraw = False
228.5282 	EXP 	thisthats: autoDraw = False
228.5282 	EXP 	nouns: text = 'eye'
228.5282 	EXP 	nouns: autoDraw = True
228.5282 	EXP 	thisthats: autoDraw = True
228.5464 	EXP 	New trial (rep=0, index=18): OrderedDict([('X', 259), ('Word', 'journalist'), ('Vision', -0.829778942402979), ('Valence', 0.074910971400897), ('Loudness', 0.206481647948393), ('Human', 2.83373211197027), ('TasteSmell', 0.143366926808889), ('Motion', -0.395774126458145), ('Manipulability', 0.471024154265428), ('Scene', 0.203496984884743), ('Time', -0.604320497316018), ('TorsoLegs', -0.504205791603098), ('Arousal', 0.185674942680346), ('Self', -0.548617505964151), ('type', 'human'), ('factor', 1)])
228.5540 	DATA 	Keypress: right
228.5634 	EXP 	nouns: autoDraw = False
228.5634 	EXP 	thisthats: autoDraw = False
228.5634 	EXP 	nouns: text = 'journalist'
228.5634 	EXP 	nouns: autoDraw = True
228.5634 	EXP 	thisthats: autoDraw = True
228.6796 	EXP 	New trial (rep=0, index=19): OrderedDict([('X', 97), ('Word', 'church'), ('Vision', -0.226579746849236), ('Valence', 0.211481331924641), ('Loudness', 0.17190195293474), ('Human', -0.379987575216094), ('TasteSmell', -0.221221808146944), ('Motion', -1.48145257714436), ('Manipulability', 0.482995454445745), ('Scene', 2.62219969890792), ('Time', 0.476624533398818), ('TorsoLegs', 0.858860398114189), ('Arousal', -0.223931552546299), ('Self', -0.0743616919427548), ('type', 'scene'), ('factor', 1)])
228.6863 	DATA 	Keypress: left
228.6952 	EXP 	nouns: autoDraw = False
228.6952 	EXP 	thisthats: autoDraw = False
228.6952 	EXP 	nouns: text = 'church'
228.6952 	EXP 	nouns: autoDraw = True
228.6952 	EXP 	thisthats: autoDraw = True
228.7795 	EXP 	New trial (rep=0, index=20): OrderedDict([('X', 278), ('Word', 'leg'), ('Vision', 0.706449975912958), ('Valence', -0.304615794851826), ('Loudness', -0.989925008543724), ('Human', 0.491684351448412), ('TasteSmell', -0.630533123505887), ('Motion', 2.22904420320109), ('Manipulability', 0.142654011881217), ('Scene', -0.281671459357192), ('Time', -0.718765469788938), ('TorsoLegs', 0.844881756650095), ('Arousal', -1.28949524471678), ('Self', 2.96002875062924), ('type', 'self'), ('factor', 1)])
228.7852 	DATA 	Keypress: right
228.7945 	EXP 	nouns: autoDraw = False
228.7945 	EXP 	thisthats: autoDraw = False
228.7945 	EXP 	nouns: text = 'leg'
228.7945 	EXP 	nouns: autoDraw = True
228.7945 	EXP 	thisthats: autoDraw = True
228.8966 	EXP 	New trial (rep=0, index=21): OrderedDict([('X', 392), ('Word', 'scientist'), ('Vision', -0.0487766585542152), ('Valence', -0.494639657924835), ('Loudness', -0.22258454312508), ('Human', 2.87155201323837), ('TasteSmell', -0.443663729121329), ('Motion', -0.496386751254813), ('Manipulability', -0.642149926608031), ('Scene', 0.193127663010915), ('Time', -0.616810027344214), ('TorsoLegs', -0.542492270702426), ('Arousal', 0.0181530552103965), ('Self', 0.0626921203639179), ('type', 'human'), ('factor', 1)])
228.9035 	DATA 	Keypress: left
228.9128 	EXP 	nouns: autoDraw = False
228.9128 	EXP 	thisthats: autoDraw = False
228.9128 	EXP 	nouns: text = 'scientist'
228.9128 	EXP 	nouns: autoDraw = True
228.9128 	EXP 	thisthats: autoDraw = True
229.0131 	EXP 	New trial (rep=0, index=22): OrderedDict([('X', 144), ('Word', 'drank'), ('Vision', -0.157385366694606), ('Valence', -0.424024191705711), ('Loudness', -0.0229171392995323), ('Human', 0.63966774604227), ('TasteSmell', 2.87661130961357), ('Motion', 1.04412789900147), ('Manipulability', -0.111016867161552), ('Scene', -1.55952162687596), ('Time', 1.84054689591285), ('TorsoLegs', -0.00858777643528416), ('Arousal', -1.27728760173175), ('Self', 3.289466317172), ('type', 'self'), ('factor', 1)])
229.0198 	DATA 	Keypress: right
229.0292 	EXP 	nouns: autoDraw = False
229.0292 	EXP 	thisthats: autoDraw = False
229.0292 	EXP 	nouns: text = 'drank'
229.0292 	EXP 	nouns: autoDraw = True
229.0292 	EXP 	thisthats: autoDraw = True
229.1130 	EXP 	New trial (rep=0, index=23): OrderedDict([('X', 4), ('Word', 'actor'), ('Vision', 0.0017083884270439), ('Valence', -0.368304195641063), ('Loudness', 0.662759288964654), ('Human', 2.96374747010422), ('TasteSmell', 0.00184262472067121), ('Motion', -0.130357823151405), ('Manipulability', -0.11719284329191), ('Scene', -0.00264324887869315), ('Time', -0.521033036630427), ('TorsoLegs', 0.783955743639788), ('Arousal', 1.06908237025366), ('Self', -0.849762941087055), ('type', 'human'), ('factor', 1)])
229.1192 	DATA 	Keypress: left
229.1279 	EXP 	nouns: autoDraw = False
229.1279 	EXP 	thisthats: autoDraw = False
229.1279 	EXP 	nouns: text = 'actor'
229.1279 	EXP 	nouns: autoDraw = True
229.1279 	EXP 	thisthats: autoDraw = True
229.2468 	EXP 	New trial (rep=0, index=24): OrderedDict([('X', 69), ('Word', 'businessman'), ('Vision', -0.404865972425345), ('Valence', 0.436315307908994), ('Loudness', 0.170981691315853), ('Human', 2.84446214498175), ('TasteSmell', 0.281165153545319), ('Motion', -0.1563033857134), ('Manipulability', 0.242897002576782), ('Scene', 0.476109781743384), ('Time', -0.312669760022568), ('TorsoLegs', -0.741428083021347), ('Arousal', -0.408086265457156), ('Self', 0.109964195213989), ('type', 'human'), ('factor', 1)])
229.2544 	DATA 	Keypress: right
229.2634 	EXP 	nouns: autoDraw = False
229.2634 	EXP 	thisthats: autoDraw = False
229.2634 	EXP 	nouns: text = 'businessman'
229.2634 	EXP 	nouns: autoDraw = True
229.2634 	EXP 	thisthats: autoDraw = True
229.3625 	EXP 	New trial (rep=0, index=25): OrderedDict([('X', 175), ('Word', 'farm'), ('Vision', 0.100737784927091), ('Valence', -0.547228369411275), ('Loudness', -0.0596635007612373), ('Human', -0.455540147095713), ('TasteSmell', 0.0497662535107028), ('Motion', -0.844885180829779), ('Manipulability', -0.387963267287531), ('Scene', 2.97662473674086), ('Time', -0.946012732874045), ('TorsoLegs', 1.16199818006022), ('Arousal', -0.411451531525524), ('Self', 0.077686896608434), ('type', 'scene'), ('factor', 1)])
229.3686 	DATA 	Keypress: left
229.3781 	EXP 	nouns: autoDraw = False
229.3781 	EXP 	thisthats: autoDraw = False
229.3781 	EXP 	nouns: text = 'farm'
229.3781 	EXP 	nouns: autoDraw = True
229.3781 	EXP 	thisthats: autoDraw = True
229.4824 	DATA 	Keypress: right
229.4969 	EXP 	New trial (rep=0, index=26): OrderedDict([('X', 422), ('Word', 'store'), ('Vision', -0.202579289103869), ('Valence', -0.286160702431385), ('Loudness', -0.335441783050568), ('Human', -0.574617199679471), ('TasteSmell', -0.16742932029494), ('Motion', -0.703921737722444), ('Manipulability', -0.0568574195604467), ('Scene', 2.66535812098082), ('Time', -0.167993132012375), ('TorsoLegs', 0.129644446151395), ('Arousal', -0.0901914510547619), ('Self', 1.18732873022788), ('type', 'scene'), ('factor', 1)])
229.5118 	EXP 	nouns: autoDraw = False
229.5118 	EXP 	thisthats: autoDraw = False
229.5118 	EXP 	nouns: text = 'store'
229.5118 	EXP 	nouns: autoDraw = True
229.5118 	EXP 	thisthats: autoDraw = True
229.5962 	EXP 	New trial (rep=0, index=27): OrderedDict([('X', 356), ('Word', 'politician'), ('Vision', -0.137083505450178), ('Valence', 0.815798234762263), ('Loudness', 0.350013401126307), ('Human', 2.93467547338268), ('TasteSmell', -0.0779755760586952), ('Motion', -0.655471668752365), ('Manipulability', -0.455836058369909), ('Scene', 0.187067773649524), ('Time', -0.0290744537459036), ('TorsoLegs', -0.697437142838892), ('Arousal', -0.629646907595351), ('Self', -0.424555242557665), ('type', 'human'), ('factor', 1)])
229.6036 	DATA 	Keypress: left
229.6126 	EXP 	nouns: autoDraw = False
229.6126 	EXP 	thisthats: autoDraw = False
229.6126 	EXP 	nouns: text = 'politician'
229.6126 	EXP 	nouns: autoDraw = True
229.6126 	EXP 	thisthats: autoDraw = True
229.6958 	EXP 	New trial (rep=0, index=28): OrderedDict([('X', 425), ('Word', 'student'), ('Vision', -0.175570145300683), ('Valence', -0.790242769891931), ('Loudness', 0.080999313160934), ('Human', 2.86561598684582), ('TasteSmell', -0.202927019101091), ('Motion', -0.300187183764414), ('Manipulability', -0.433276636023341), ('Scene', 0.0185911894908627), ('Time', 0.237644189522695), ('TorsoLegs', 0.0750971785641634), ('Arousal', -0.775032078093048), ('Self', -0.209258049153087), ('type', 'human'), ('factor', 1)])
229.7026 	DATA 	Keypress: right
229.7115 	EXP 	nouns: autoDraw = False
229.7115 	EXP 	thisthats: autoDraw = False
229.7115 	EXP 	nouns: text = 'student'
229.7115 	EXP 	nouns: autoDraw = True
229.7115 	EXP 	thisthats: autoDraw = True
229.8131 	EXP 	New trial (rep=0, index=29): OrderedDict([('X', 457), ('Word', 'tourist'), ('Vision', -0.340080175905431), ('Valence', -0.694550191139117), ('Loudness', -0.360128648174924), ('Human', 2.88268161669647), ('TasteSmell', -0.0403051568091681), ('Motion', 0.201559767789045), ('Manipulability', -0.0169476586429018), ('Scene', -0.213046976221438), ('Time', -0.168651381150967), ('TorsoLegs', 1.91235630781067), ('Arousal', -0.62373673144863), ('Self', -1.50906175746603), ('type', 'human'), ('factor', 1)])
229.8195 	DATA 	Keypress: left
229.8289 	EXP 	nouns: autoDraw = False
229.8289 	EXP 	thisthats: autoDraw = False
229.8289 	EXP 	nouns: text = 'tourist'
229.8289 	EXP 	nouns: autoDraw = True
229.8289 	EXP 	thisthats: autoDraw = True
229.9294 	EXP 	New trial (rep=0, index=30): OrderedDict([('X', 305), ('Word', 'minister'), ('Vision', -0.344299147701017), ('Valence', -0.459549906280843), ('Loudness', 0.254868721956578), ('Human', 2.87868495029855), ('TasteSmell', -0.00977213430677119), ('Motion', -0.648912029572331), ('Manipulability', -0.0954104958489357), ('Scene', 0.436565860622927), ('Time', -0.34134008541564), ('TorsoLegs', 0.0146863683608415), ('Arousal', -0.167528033063247), ('Self', -0.551829690933766), ('type', 'human'), ('factor', 1)])
229.9360 	DATA 	Keypress: right
229.9447 	EXP 	nouns: autoDraw = False
229.9447 	EXP 	thisthats: autoDraw = False
229.9447 	EXP 	nouns: text = 'minister'
229.9447 	EXP 	nouns: autoDraw = True
229.9447 	EXP 	thisthats: autoDraw = True
230.0462 	EXP 	New trial (rep=0, index=31): OrderedDict([('X', 209), ('Word', 'goldfish'), ('Vision', 1.98597516144431), ('Valence', -0.731359070333968), ('Loudness', -0.896307788453002), ('Human', 0.273154897577776), ('TasteSmell', -1.02422483164734), ('Motion', 1.09839576874825), ('Manipulability', -0.856383304592667), ('Scene', -0.755620874811066), ('Time', -0.0650001308742099), ('TorsoLegs', -1.66347932603919), ('Arousal', 0.850785888536027), ('Self', -0.700755094695066), ('type', 'animals'), ('factor', 1)])
230.0529 	DATA 	Keypress: left
230.0620 	EXP 	nouns: autoDraw = False
230.0620 	EXP 	thisthats: autoDraw = False
230.0620 	EXP 	nouns: text = 'goldfish'
230.0620 	EXP 	nouns: autoDraw = True
230.0620 	EXP 	thisthats: autoDraw = True
230.1626 	EXP 	New trial (rep=0, index=32): OrderedDict([('X', 238), ('Word', 'home'), ('Vision', 0.730627652227799), ('Valence', -0.247007772987878), ('Loudness', -0.476019050283003), ('Human', -0.762447074560363), ('TasteSmell', -0.200835282806742), ('Motion', -1.49841236597367), ('Manipulability', 0.0435391930476656), ('Scene', 2.44147694168274), ('Time', -0.219560679157855), ('TorsoLegs', 1.12007552013836), ('Arousal', 1.27583803304363), ('Self', 2.84837837826498), ('type', 'self'), ('factor', 1)])
230.1690 	DATA 	Keypress: right
230.1781 	EXP 	nouns: autoDraw = False
230.1781 	EXP 	thisthats: autoDraw = False
230.1781 	EXP 	nouns: text = 'home'
230.1781 	EXP 	nouns: autoDraw = True
230.1781 	EXP 	thisthats: autoDraw = True
230.2835 	DATA 	Keypress: left
230.3115 	EXP 	nouns: autoDraw = False
230.3115 	EXP 	thisthats: autoDraw = False
230.3115 	EXP 	text_4: autoDraw = True
230.3977 	DATA 	Keypress: right
230.5140 	DATA 	Keypress: left
238.0041 	EXP 	Imported social_exc.csv as conditions, 4 conditions, 1 params
238.0045 	EXP 	Created sequence: random, trialTypes=4, nReps=1, seed=None
238.0048 	EXP 	New trial (rep=0, index=0): OrderedDict([('Question', 'Negative feedback showed me that I had lower task competencies than the other participants.')])
238.0209 	DATA 	Keypress: space
238.0405 	EXP 	text_4: autoDraw = False
238.0405 	EXP 	Questions: text = 'Negative feedback showed me that I had lower task competencies than the other participants.'
238.0405 	EXP 	Questions: autoDraw = True
238.0405 	EXP 	str_disagree: autoDraw = True
238.0405 	EXP 	agree: autoDraw = True
238.0405 	EXP 	text_11: autoDraw = True
240.2526 	EXP 	New trial (rep=0, index=1): OrderedDict([('Question', 'I felt stressed during the experiment.')])
240.2626 	DATA 	Keypress: 6
240.2818 	EXP 	Questions: autoDraw = False
240.2818 	EXP 	str_disagree: autoDraw = False
240.2818 	EXP 	agree: autoDraw = False
240.2818 	EXP 	text_11: autoDraw = False
240.2818 	EXP 	Questions: text = 'I felt stressed during the experiment.'
240.2818 	EXP 	Questions: autoDraw = True
240.2818 	EXP 	str_disagree: autoDraw = True
240.2818 	EXP 	agree: autoDraw = True
240.2818 	EXP 	text_11: autoDraw = True
240.8432 	DATA 	Keypress: 3
240.8608 	EXP 	New trial (rep=0, index=2): OrderedDict([('Question', 'I felt excluded during the experiment.')])
240.8888 	EXP 	Questions: autoDraw = False
240.8888 	EXP 	str_disagree: autoDraw = False
240.8888 	EXP 	agree: autoDraw = False
240.8888 	EXP 	text_11: autoDraw = False
240.8888 	EXP 	Questions: text = 'I felt excluded during the experiment.'
240.8888 	EXP 	Questions: autoDraw = True
240.8888 	EXP 	str_disagree: autoDraw = True
240.8888 	EXP 	agree: autoDraw = True
240.8888 	EXP 	text_11: autoDraw = True
241.6357 	DATA 	Keypress: 5
241.6531 	EXP 	New trial (rep=0, index=3): OrderedDict([('Question', 'I felt alone during the experiment.')])
241.6810 	EXP 	Questions: autoDraw = False
241.6810 	EXP 	str_disagree: autoDraw = False
241.6810 	EXP 	agree: autoDraw = False
241.6810 	EXP 	text_11: autoDraw = False
241.6810 	EXP 	Questions: text = 'I felt alone during the experiment.'
241.6810 	EXP 	Questions: autoDraw = True
241.6810 	EXP 	str_disagree: autoDraw = True
241.6810 	EXP 	agree: autoDraw = True
241.6810 	EXP 	text_11: autoDraw = True
242.4078 	DATA 	Keypress: 2
242.4236 	EXP 	Questions: autoDraw = False
242.4236 	EXP 	str_disagree: autoDraw = False
242.4236 	EXP 	agree: autoDraw = False
242.4236 	EXP 	text_11: autoDraw = False
242.4236 	EXP 	text_5: autoDraw = True
253.1518 	DATA 	Keypress: space
253.1613 	EXP 	text_5: autoDraw = False
253.1613 	EXP 	text_12: autoDraw = True
259.4482 	DATA 	Keypress: space
259.4608 	EXP 	text_12: autoDraw = False
260.0509 	EXP 	window1: mouseVisible = True
