0.7536 	WARNING 	We strongly recommend you activate the PTB sound engine in PsychoPy prefs as the preferred audio engine. Its timing is vastly superior. Your prefs are currently set to use ['sounddevice', 'PTB', 'pyo', 'pygame'] (in that order).
14.4873 	EXP 	Created window1 = Window(allowGUI=False, allowStencil=False, autoLog=True, backendConf=UNKNOWN, bitsMode=UNKNOWN, blendMode='avg', bpc=(8, 8, 8), color=array([-1, -1, -1]), colorSpace='rgb', depthBits=8, fullscr=<method-wrapper '__getattribute__' of attributeSetter object at 0x7f875e020a90>, gamma=None, gammaErrorPolicy='raise', lms=UNKNOWN, monitor=<psychopy.monitors.calibTools.Monitor object at 0x7f877ad68ba8>, multiSample=False, name='window1', numSamples=2, pos=[360.0, 225.0], screen=0, size=array([2880, 1800]), stencilBits=0, stereo=False, units='height', useFBO=True, useRetina=True, viewOri=0.0, viewPos=None, viewScale=None, waitBlanking=True, winType='pyglet')
14.4879 	EXP 	window1: mouseVisible = True
14.4879 	EXP 	window1: recordFrameIntervals = False
14.6520 	EXP 	window1: recordFrameIntervals = True
14.8356 	EXP 	window1: recordFrameIntervals = False
15.8636 	EXP 	Created text_13 = TextStim(__class__=<class 'psychopy.visual.text.TextStim'>, alignHoriz=method-wrapper(...), alignText='center', alignVert=method-wrapper(...), anchorHoriz='center', anchorVert='center', antialias=True, autoLog=True, bold=False, color=array([1., 1., 1.]), colorSpace='rgb', contrast=1.0, depth=0.0, flipHoriz=False, flipVert=False, font='Open Sans', fontFiles=[], height=0.04, italic=False, languageStyle='LTR', name='text_13', opacity=1, ori=0.0, pos=array([0., 0.]), rgb=UNKNOWN, text=str(...), units='height', win=Window(...), wrapWidth=1)
16.0118 	EXP 	Created intro_text = TextStim(__class__=<class 'psychopy.visual.text.TextStim'>, alignHoriz=method-wrapper(...), alignText='center', alignVert=method-wrapper(...), anchorHoriz='center', anchorVert='center', antialias=True, autoLog=True, bold=False, color=array([1., 1., 1.]), colorSpace='rgb', contrast=1.0, depth=0.0, flipHoriz=False, flipVert=False, font='Open Sans', fontFiles=[], height=0.05, italic=False, languageStyle='LTR', name='intro_text', opacity=1, ori=0.0, pos=array([0., 0.]), rgb=UNKNOWN, text='', units='height', win=Window(...), wrapWidth=1)
16.1586 	EXP 	Created instr_txt = TextStim(__class__=<class 'psychopy.visual.text.TextStim'>, alignHoriz=method-wrapper(...), alignText='center', alignVert=method-wrapper(...), anchorHoriz='center', anchorVert='center', antialias=True, autoLog=True, bold=False, color=array([1., 1., 1.]), colorSpace='rgb', contrast=1.0, depth=0.0, flipHoriz=False, flipVert=False, font='Open Sans', fontFiles=[], height=0.05, italic=False, languageStyle='LTR', name='instr_txt', opacity=1, ori=0.0, pos=array([0., 0.]), rgb=UNKNOWN, text='', units='height', win=Window(...), wrapWidth=1)
16.3080 	EXP 	Created wordssss = TextStim(__class__=<class 'psychopy.visual.text.TextStim'>, alignHoriz=method-wrapper(...), alignText='center', alignVert=method-wrapper(...), anchorHoriz='center', anchorVert='center', antialias=True, autoLog=True, bold=False, color=array([1., 1., 1.]), colorSpace='rgb', contrast=1.0, depth=0.0, flipHoriz=False, flipVert=False, font='Open Sans', fontFiles=[], height=0.1, italic=False, languageStyle='LTR', name='wordssss', opacity=1, ori=0.0, pos=array([0., 0.]), rgb=UNKNOWN, text='', units='height', win=Window(...), wrapWidth=1)
16.4646 	EXP 	Created thisthat = TextStim(__class__=<class 'psychopy.visual.text.TextStim'>, alignHoriz=method-wrapper(...), alignText='center', alignVert=method-wrapper(...), anchorHoriz='center', anchorVert='center', antialias=True, autoLog=True, bold=False, color=array([1., 1., 1.]), colorSpace='rgb', contrast=1.0, depth=-2.0, flipHoriz=False, flipVert=False, font='Open Sans', fontFiles=[], height=0.07, italic=False, languageStyle='LTR', name='thisthat', opacity=1, ori=0.0, pos=array([ 0.  , -0.25]), rgb=UNKNOWN, text='THIS      THAT\n           ', units='height', win=Window(...), wrapWidth=1)
16.4658 	EXP 	Created text = TextStim(__class__=<class 'psychopy.visual.text.TextStim'>, alignHoriz=method-wrapper(...), alignText='center', alignVert=method-wrapper(...), anchorHoriz='center', anchorVert='center', antialias=True, autoLog=True, bold=False, color=array([1., 1., 1.]), colorSpace='rgb', contrast=1.0, depth=0.0, flipHoriz=False, flipVert=False, font='Open Sans', fontFiles=[], height=0.05, italic=False, languageStyle='LTR', name='text', opacity=1, ori=0.0, pos=array([0., 0.]), rgb=UNKNOWN, text='', units='height', win=Window(...), wrapWidth=1)
16.6051 	EXP 	Created text_2 = TextStim(__class__=<class 'psychopy.visual.text.TextStim'>, alignHoriz=method-wrapper(...), alignText='center', alignVert=method-wrapper(...), anchorHoriz='center', anchorVert='center', antialias=True, autoLog=True, bold=False, color=array([1., 1., 1.]), colorSpace='rgb', contrast=1.0, depth=0.0, flipHoriz=False, flipVert=False, font='Open Sans', fontFiles=[], height=0.1, italic=False, languageStyle='LTR', name='text_2', opacity=1, ori=0.0, pos=array([0., 0.]), rgb=UNKNOWN, text='', units='height', win=Window(...), wrapWidth=1)
16.7512 	EXP 	Created text_14 = TextStim(__class__=<class 'psychopy.visual.text.TextStim'>, alignHoriz=method-wrapper(...), alignText='center', alignVert=method-wrapper(...), anchorHoriz='center', anchorVert='center', antialias=True, autoLog=True, bold=False, color=array([1., 1., 1.]), colorSpace='rgb', contrast=1.0, depth=-2.0, flipHoriz=False, flipVert=False, font='Open Sans', fontFiles=[], height=0.07, italic=False, languageStyle='LTR', name='text_14', opacity=1, ori=0.0, pos=array([ 0. , -0.2]), rgb=UNKNOWN, text='YES         NO\n', units='height', win=Window(...), wrapWidth=1)
16.7526 	EXP 	Created instruu = TextStim(__class__=<class 'psychopy.visual.text.TextStim'>, alignHoriz=method-wrapper(...), alignText='center', alignVert=method-wrapper(...), anchorHoriz='center', anchorVert='center', antialias=True, autoLog=True, bold=False, color=array([1., 1., 1.]), colorSpace='rgb', contrast=1.0, depth=0.0, flipHoriz=False, flipVert=False, font='Open Sans', fontFiles=[], height=0.07, italic=False, languageStyle='LTR', name='instruu', opacity=1, ori=0.0, pos=array([0., 0.]), rgb=UNKNOWN, text='', units='height', win=Window(...), wrapWidth=1)
16.8955 	EXP 	Created calculation = TextStim(__class__=<class 'psychopy.visual.text.TextStim'>, alignHoriz=method-wrapper(...), alignText='center', alignVert=method-wrapper(...), anchorHoriz='center', anchorVert='center', antialias=True, autoLog=True, bold=False, color=array([1., 1., 1.]), colorSpace='rgb', contrast=1.0, depth=0.0, flipHoriz=False, flipVert=False, font='Open Sans', fontFiles=[], height=0.1, italic=False, languageStyle='LTR', name='calculation', opacity=1, ori=0.0, pos=array([0., 0.]), rgb=UNKNOWN, text='', units='height', win=Window(...), wrapWidth=1)
17.0465 	EXP 	Created text_9 = TextStim(__class__=<class 'psychopy.visual.text.TextStim'>, alignHoriz=method-wrapper(...), alignText='center', alignVert=method-wrapper(...), anchorHoriz='center', anchorVert='center', antialias=True, autoLog=True, bold=False, color=array([1., 1., 1.]), colorSpace='rgb', contrast=1.0, depth=-2.0, flipHoriz=False, flipVert=False, font='Open Sans', fontFiles=[], height=0.07, italic=False, languageStyle='LTR', name='text_9', opacity=1, ori=0.0, pos=array([ 0. , -0.2]), rgb=UNKNOWN, text='YES         NO', units='height', win=Window(...), wrapWidth=1)
17.0477 	EXP 	Created Feedback = TextStim(__class__=<class 'psychopy.visual.text.TextStim'>, alignHoriz=method-wrapper(...), alignText='center', alignVert=method-wrapper(...), anchorHoriz='center', anchorVert='center', antialias=True, autoLog=True, bold=False, color=array([1., 1., 1.]), colorSpace='rgb', contrast=1.0, depth=0.0, flipHoriz=False, flipVert=False, font='Open Sans', fontFiles=[], height=0.1, italic=False, languageStyle='LTR', name='Feedback', opacity=1, ori=0.0, pos=array([0., 0.]), rgb=UNKNOWN, text='', units='height', win=Window(...), wrapWidth=1)
17.0489 	EXP 	Created neg_feedB = TextStim(__class__=<class 'psychopy.visual.text.TextStim'>, alignHoriz=method-wrapper(...), alignText='center', alignVert=method-wrapper(...), anchorHoriz='center', anchorVert='center', antialias=True, autoLog=True, bold=False, color=array([1., 1., 1.]), colorSpace='rgb', contrast=1.0, depth=0.0, flipHoriz=False, flipVert=False, font='Open Sans', fontFiles=[], height=0.07, italic=False, languageStyle='LTR', name='neg_feedB', opacity=1, ori=0.0, pos=array([0., 0.]), rgb=UNKNOWN, text='', units='height', win=Window(...), wrapWidth=1)
17.1996 	EXP 	Created text_6 = TextStim(__class__=<class 'psychopy.visual.text.TextStim'>, alignHoriz=method-wrapper(...), alignText='center', alignVert=method-wrapper(...), anchorHoriz='center', anchorVert='center', antialias=True, autoLog=True, bold=False, color=array([1., 1., 1.]), colorSpace='rgb', contrast=1.0, depth=0.0, flipHoriz=False, flipVert=False, font='Open Sans', fontFiles=[], height=0.1, italic=False, languageStyle='LTR', name='text_6', opacity=1, ori=0.0, pos=array([0., 0.]), rgb=UNKNOWN, text='', units='height', win=Window(...), wrapWidth=1)
17.3525 	EXP 	Created text_10 = TextStim(__class__=<class 'psychopy.visual.text.TextStim'>, alignHoriz=method-wrapper(...), alignText='center', alignVert=method-wrapper(...), anchorHoriz='center', anchorVert='center', antialias=True, autoLog=True, bold=False, color=array([1., 1., 1.]), colorSpace='rgb', contrast=1.0, depth=-2.0, flipHoriz=False, flipVert=False, font='Open Sans', fontFiles=[], height=0.07, italic=False, languageStyle='LTR', name='text_10', opacity=1, ori=0.0, pos=array([ 0. , -0.2]), rgb=UNKNOWN, text='YES     NO', units='height', win=Window(...), wrapWidth=1)
17.3537 	EXP 	Created resp = TextStim(__class__=<class 'psychopy.visual.text.TextStim'>, alignHoriz=method-wrapper(...), alignText='center', alignVert=method-wrapper(...), anchorHoriz='center', anchorVert='center', antialias=True, autoLog=True, bold=False, color=array([1., 1., 1.]), colorSpace='rgb', contrast=1.0, depth=0.0, flipHoriz=False, flipVert=False, font='Open Sans', fontFiles=[], height=0.1, italic=False, languageStyle='LTR', name='resp', opacity=1, ori=0.0, pos=array([0., 0.]), rgb=UNKNOWN, text='', units='height', win=Window(...), wrapWidth=1)
17.3549 	EXP 	Created text_8 = TextStim(__class__=<class 'psychopy.visual.text.TextStim'>, alignHoriz=method-wrapper(...), alignText='center', alignVert=method-wrapper(...), anchorHoriz='center', anchorVert='center', antialias=True, autoLog=True, bold=False, color=array([1., 1., 1.]), colorSpace='rgb', contrast=1.0, depth=0.0, flipHoriz=False, flipVert=False, font='Open Sans', fontFiles=[], height=0.05, italic=False, languageStyle='LTR', name='text_8', opacity=1, ori=0.0, pos=array([0., 0.]), rgb=UNKNOWN, text='', units='height', win=Window(...), wrapWidth=1)
17.5294 	EXP 	Created text_3 = TextStim(__class__=<class 'psychopy.visual.text.TextStim'>, alignHoriz=method-wrapper(...), alignText='center', alignVert=method-wrapper(...), anchorHoriz='center', anchorVert='center', antialias=True, autoLog=True, bold=False, color=array([1., 1., 1.]), colorSpace='rgb', contrast=1.0, depth=0.0, flipHoriz=False, flipVert=False, font='Open Sans', fontFiles=[], height=0.07, italic=False, languageStyle='LTR', name='text_3', opacity=1, ori=0.0, pos=array([0., 0.]), rgb=UNKNOWN, text=str(...), units='height', win=Window(...), wrapWidth=1)
17.6797 	EXP 	Created nouns = TextStim(__class__=<class 'psychopy.visual.text.TextStim'>, alignHoriz=method-wrapper(...), alignText='center', alignVert=method-wrapper(...), anchorHoriz='center', anchorVert='center', antialias=True, autoLog=True, bold=False, color=array([1., 1., 1.]), colorSpace='rgb', contrast=1.0, depth=0.0, flipHoriz=False, flipVert=False, font='Open Sans', fontFiles=[], height=0.1, italic=False, languageStyle='LTR', name='nouns', opacity=1, ori=0.0, pos=array([0., 0.]), rgb=UNKNOWN, text='', units='height', win=Window(...), wrapWidth=1)
17.8294 	EXP 	Created thisthats = TextStim(__class__=<class 'psychopy.visual.text.TextStim'>, alignHoriz=method-wrapper(...), alignText='center', alignVert=method-wrapper(...), anchorHoriz='center', anchorVert='center', antialias=True, autoLog=True, bold=False, color=array([1., 1., 1.]), colorSpace='rgb', contrast=1.0, depth=-2.0, flipHoriz=False, flipVert=False, font='Open Sans', fontFiles=[], height=0.07, italic=False, languageStyle='LTR', name='thisthats', opacity=1, ori=0.0, pos=array([ 0.  , -0.25]), rgb=UNKNOWN, text='THIS      THAT\n           ', units='height', win=Window(...), wrapWidth=1)
17.8457 	EXP 	Created text_4 = TextStim(__class__=<class 'psychopy.visual.text.TextStim'>, alignHoriz=method-wrapper(...), alignText='center', alignVert=method-wrapper(...), anchorHoriz='center', anchorVert='center', antialias=True, autoLog=True, bold=False, color=array([1., 1., 1.]), colorSpace='rgb', contrast=1.0, depth=0.0, flipHoriz=False, flipVert=False, font='Open Sans', fontFiles=[], height=0.07, italic=False, languageStyle='LTR', name='text_4', opacity=1, ori=0.0, pos=array([0., 0.]), rgb=UNKNOWN, text=str(...), units='height', win=Window(...), wrapWidth=1)
17.9905 	EXP 	Created Questions = TextStim(__class__=<class 'psychopy.visual.text.TextStim'>, alignHoriz=method-wrapper(...), alignText='center', alignVert=method-wrapper(...), anchorHoriz='center', anchorVert='center', antialias=True, autoLog=True, bold=False, color=array([1., 1., 1.]), colorSpace='rgb', contrast=1.0, depth=0.0, flipHoriz=False, flipVert=False, font='Open Sans', fontFiles=[], height=0.07, italic=False, languageStyle='LTR', name='Questions', opacity=1, ori=0.0, pos=array([0. , 0.1]), rgb=UNKNOWN, text='', units='height', win=Window(...), wrapWidth=1)
17.9992 	EXP 	Created str_disagree = TextStim(__class__=<class 'psychopy.visual.text.TextStim'>, alignHoriz=method-wrapper(...), alignText='center', alignVert=method-wrapper(...), anchorHoriz='center', anchorVert='center', antialias=True, autoLog=True, bold=False, color=array([1., 1., 1.]), colorSpace='rgb', contrast=1.0, depth=-1.0, flipHoriz=False, flipVert=False, font='Open Sans', fontFiles=[], height=0.04, italic=False, languageStyle='LTR', name='str_disagree', opacity=1, ori=0.0, pos=array([-0.5, -0.3]), rgb=UNKNOWN, text='(Strongly disagree)', units='height', win=Window(...), wrapWidth=1)
18.0022 	EXP 	Created agree = TextStim(__class__=<class 'psychopy.visual.text.TextStim'>, alignHoriz=method-wrapper(...), alignText='center', alignVert=method-wrapper(...), anchorHoriz='center', anchorVert='center', antialias=True, autoLog=True, bold=False, color=array([1., 1., 1.]), colorSpace='rgb', contrast=1.0, depth=-2.0, flipHoriz=False, flipVert=False, font='Open Sans', fontFiles=[], height=0.04, italic=False, languageStyle='LTR', name='agree', opacity=1, ori=0.0, pos=array([ 0.5, -0.3]), rgb=UNKNOWN, text='(Strongly agree)', units='height', win=Window(...), wrapWidth=1)
18.0095 	EXP 	Created text_11 = TextStim(__class__=<class 'psychopy.visual.text.TextStim'>, alignHoriz=method-wrapper(...), alignText='center', alignVert=method-wrapper(...), anchorHoriz='center', anchorVert='center', antialias=True, autoLog=True, bold=False, color=array([1., 1., 1.]), colorSpace='rgb', contrast=1.0, depth=-3.0, flipHoriz=False, flipVert=False, font='Open Sans', fontFiles=[], height=0.1, italic=False, languageStyle='LTR', name='text_11', opacity=1, ori=0.0, pos=array([ 0. , -0.2]), rgb=UNKNOWN, text='1  2  3  4  5  6  7', units='height', win=Window(...), wrapWidth=1)
18.1868 	EXP 	Created text_5 = TextStim(__class__=<class 'psychopy.visual.text.TextStim'>, alignHoriz=method-wrapper(...), alignText='center', alignVert=method-wrapper(...), anchorHoriz='center', anchorVert='center', antialias=True, autoLog=True, bold=False, color=array([1., 1., 1.]), colorSpace='rgb', contrast=1.0, depth=0.0, flipHoriz=False, flipVert=False, font='Open Sans', fontFiles=[], height=0.04, italic=False, languageStyle='LTR', name='text_5', opacity=1, ori=0.0, pos=array([0., 0.]), rgb=UNKNOWN, text=str(...), units='height', win=Window(...), wrapWidth=1)
18.3647 	EXP 	Created text_12 = TextStim(__class__=<class 'psychopy.visual.text.TextStim'>, alignHoriz=method-wrapper(...), alignText='center', alignVert=method-wrapper(...), anchorHoriz='center', anchorVert='center', antialias=True, autoLog=True, bold=False, color=array([1., 1., 1.]), colorSpace='rgb', contrast=1.0, depth=0.0, flipHoriz=False, flipVert=False, font='Open Sans', fontFiles=[], height=0.05, italic=False, languageStyle='LTR', name='text_12', opacity=1, ori=0.0, pos=array([0., 0.]), rgb=UNKNOWN, text=str(...), units='height', win=Window(...), wrapWidth=1)
18.5450 	EXP 	text_13: autoDraw = True
20.2038 	EXP 	Imported OrderBnew.xlsx as conditions, 1 conditions, 2 params
20.2047 	EXP 	Created sequence: random, trialTypes=1, nReps=1, seed=None
20.2052 	EXP 	New trial (rep=0, index=0): {'Text': 'Please complete all tasks. It will take no more than 5-10 minutes.\n\nThank you for contributing to science and deciding to offer your time. Your participation is highly valued. \n\nPress SPACE to start the experiment', 'Condition': 1}
20.2446 	DATA 	Keypress: y
20.2580 	EXP 	text_13: autoDraw = False
20.2580 	EXP 	intro_text: text = 'Please complete all tasks. It will take no more than 5-10 minutes.\n\nThank you for contributing to science and deciding to offer your time. Your participation is highly valued. \n\nPress SPACE to start the experiment'
20.2580 	EXP 	intro_text: autoDraw = True
21.4105 	DATA 	Keypress: space
21.4746 	EXP 	intro_text: autoDraw = False
21.4746 	EXP 	instr_txt: text = 'TASK 1\n\nYou will be presented with one noun at a time. Use your keyboard arrows to choose one of the words “THIS” or “THAT” to go along with the noun.\nThere is no right or wrong answer, use your intuition. \n\nleft arrow = THIS\nright arrow = THAT\n\nPress SPACE to start '
21.4746 	EXP 	instr_txt: autoDraw = True
21.8964 	DATA 	Keypress: left
22.0769 	DATA 	Keypress: right
22.6080 	EXP 	Imported Wordlist1new.xlsx as conditions, 33 conditions, 1 params
22.6089 	EXP 	Created sequence: random, trialTypes=33, nReps=1, seed=None
22.6093 	EXP 	New trial (rep=0, index=0): {'Word': None}
22.6145 	DATA 	Keypress: space
22.6241 	EXP 	instr_txt: autoDraw = False
22.6241 	EXP 	wordssss: text = ''
22.6241 	EXP 	wordssss: autoDraw = True
22.6241 	EXP 	thisthat: autoDraw = True
22.8769 	EXP 	New trial (rep=0, index=1): {'Word': None}
22.8800 	DATA 	Keypress: right
22.8905 	EXP 	wordssss: autoDraw = False
22.8905 	EXP 	thisthat: autoDraw = False
22.8905 	EXP 	wordssss: text = ''
22.8905 	EXP 	wordssss: autoDraw = True
22.8905 	EXP 	thisthat: autoDraw = True
23.9591 	EXP 	New trial (rep=0, index=2): {'Word': 'forest'}
23.9660 	DATA 	Keypress: left
23.9734 	EXP 	wordssss: autoDraw = False
23.9734 	EXP 	thisthat: autoDraw = False
23.9734 	EXP 	wordssss: text = 'forest'
23.9734 	EXP 	wordssss: autoDraw = True
23.9734 	EXP 	thisthat: autoDraw = True
24.6594 	EXP 	New trial (rep=0, index=3): {'Word': 'ricochet'}
24.6683 	DATA 	Keypress: left
24.6752 	EXP 	wordssss: autoDraw = False
24.6752 	EXP 	thisthat: autoDraw = False
24.6752 	EXP 	wordssss: text = 'ricochet'
24.6752 	EXP 	wordssss: autoDraw = True
24.6752 	EXP 	thisthat: autoDraw = True
24.8272 	EXP 	New trial (rep=0, index=4): {'Word': 'foot'}
24.8362 	DATA 	Keypress: left
24.8586 	EXP 	wordssss: autoDraw = False
24.8586 	EXP 	thisthat: autoDraw = False
24.8586 	EXP 	wordssss: text = 'foot'
24.8586 	EXP 	wordssss: autoDraw = True
24.8586 	EXP 	thisthat: autoDraw = True
24.9591 	EXP 	New trial (rep=0, index=5): {'Word': 'wonder'}
24.9682 	DATA 	Keypress: right
24.9753 	EXP 	wordssss: autoDraw = False
24.9753 	EXP 	thisthat: autoDraw = False
24.9753 	EXP 	wordssss: text = 'wonder'
24.9753 	EXP 	wordssss: autoDraw = True
24.9753 	EXP 	thisthat: autoDraw = True
25.0782 	EXP 	New trial (rep=0, index=6): {'Word': 'airport'}
25.0905 	DATA 	Keypress: left
25.1086 	EXP 	wordssss: autoDraw = False
25.1086 	EXP 	thisthat: autoDraw = False
25.1086 	EXP 	wordssss: text = 'airport'
25.1086 	EXP 	wordssss: autoDraw = True
25.1086 	EXP 	thisthat: autoDraw = True
25.1601 	EXP 	New trial (rep=0, index=7): {'Word': 'hot'}
25.1688 	DATA 	Keypress: right
25.1916 	EXP 	wordssss: autoDraw = False
25.1916 	EXP 	thisthat: autoDraw = False
25.1916 	EXP 	wordssss: text = 'hot'
25.1916 	EXP 	wordssss: autoDraw = True
25.1916 	EXP 	thisthat: autoDraw = True
25.2418 	EXP 	New trial (rep=0, index=8): {'Word': 'cough'}
25.2519 	DATA 	Keypress: left
25.2588 	EXP 	wordssss: autoDraw = False
25.2588 	EXP 	thisthat: autoDraw = False
25.2588 	EXP 	wordssss: text = 'cough'
25.2588 	EXP 	wordssss: autoDraw = True
25.2588 	EXP 	thisthat: autoDraw = True
25.3253 	EXP 	New trial (rep=0, index=9): {'Word': 'scientist'}
25.3326 	DATA 	Keypress: right
25.3407 	EXP 	wordssss: autoDraw = False
25.3407 	EXP 	thisthat: autoDraw = False
25.3407 	EXP 	wordssss: text = 'scientist'
25.3407 	EXP 	wordssss: autoDraw = True
25.3407 	EXP 	thisthat: autoDraw = True
25.4106 	EXP 	New trial (rep=0, index=10): {'Word': 'gunshot'}
25.4209 	DATA 	Keypress: left
25.4410 	EXP 	wordssss: autoDraw = False
25.4410 	EXP 	thisthat: autoDraw = False
25.4410 	EXP 	wordssss: text = 'gunshot'
25.4410 	EXP 	wordssss: autoDraw = True
25.4410 	EXP 	thisthat: autoDraw = True
25.4589 	EXP 	New trial (rep=0, index=11): {'Word': 'ambulance'}
25.4707 	DATA 	Keypress: right
25.4905 	EXP 	wordssss: autoDraw = False
25.4905 	EXP 	thisthat: autoDraw = False
25.4905 	EXP 	wordssss: text = 'ambulance'
25.4905 	EXP 	wordssss: autoDraw = True
25.4905 	EXP 	thisthat: autoDraw = True
25.5269 	EXP 	New trial (rep=0, index=12): {'Word': 'gasp'}
25.5372 	DATA 	Keypress: left
25.5585 	EXP 	wordssss: autoDraw = False
25.5585 	EXP 	thisthat: autoDraw = False
25.5585 	EXP 	wordssss: text = 'gasp'
25.5585 	EXP 	wordssss: autoDraw = True
25.5585 	EXP 	thisthat: autoDraw = True
25.6086 	EXP 	New trial (rep=0, index=13): {'Word': 'belch'}
25.6163 	DATA 	Keypress: left
25.6240 	EXP 	wordssss: autoDraw = False
25.6240 	EXP 	thisthat: autoDraw = False
25.6240 	EXP 	wordssss: text = 'belch'
25.6240 	EXP 	wordssss: autoDraw = True
25.6240 	EXP 	thisthat: autoDraw = True
25.6626 	DATA 	Keypress: right
25.6773 	EXP 	New trial (rep=0, index=14): {'Word': None}
25.7085 	EXP 	wordssss: autoDraw = False
25.7085 	EXP 	thisthat: autoDraw = False
25.7085 	EXP 	wordssss: text = 'belch'
25.7085 	EXP 	wordssss: autoDraw = True
25.7085 	EXP 	thisthat: autoDraw = True
25.7920 	EXP 	New trial (rep=0, index=15): {'Word': 'tourist'}
25.7996 	DATA 	Keypress: left
25.8074 	EXP 	wordssss: autoDraw = False
25.8074 	EXP 	thisthat: autoDraw = False
25.8074 	EXP 	wordssss: text = 'tourist'
25.8074 	EXP 	wordssss: autoDraw = True
25.8074 	EXP 	thisthat: autoDraw = True
25.9933 	EXP 	New trial (rep=0, index=16): {'Word': 'woman'}
26.0044 	DATA 	Keypress: left
26.0252 	EXP 	wordssss: autoDraw = False
26.0252 	EXP 	thisthat: autoDraw = False
26.0252 	EXP 	wordssss: text = 'woman'
26.0252 	EXP 	wordssss: autoDraw = True
26.0252 	EXP 	thisthat: autoDraw = True
26.1960 	DATA 	Keypress: right
26.2101 	EXP 	New trial (rep=0, index=17): {'Word': None}
26.2237 	EXP 	wordssss: autoDraw = False
26.2237 	EXP 	thisthat: autoDraw = False
26.2237 	EXP 	wordssss: text = 'woman'
26.2237 	EXP 	wordssss: autoDraw = True
26.2237 	EXP 	thisthat: autoDraw = True
26.3962 	DATA 	Keypress: right
26.4117 	EXP 	New trial (rep=0, index=18): {'Word': 'screech'}
26.4417 	EXP 	wordssss: autoDraw = False
26.4417 	EXP 	thisthat: autoDraw = False
26.4417 	EXP 	wordssss: text = 'screech'
26.4417 	EXP 	wordssss: autoDraw = True
26.4417 	EXP 	thisthat: autoDraw = True
26.5585 	EXP 	New trial (rep=0, index=19): {'Word': None}
26.5653 	DATA 	Keypress: left
26.5741 	EXP 	wordssss: autoDraw = False
26.5741 	EXP 	thisthat: autoDraw = False
26.5741 	EXP 	wordssss: text = 'screech'
26.5741 	EXP 	wordssss: autoDraw = True
26.5741 	EXP 	thisthat: autoDraw = True
26.7252 	EXP 	New trial (rep=0, index=20): {'Word': 'cold'}
26.7308 	DATA 	Keypress: right
26.7408 	EXP 	wordssss: autoDraw = False
26.7408 	EXP 	thisthat: autoDraw = False
26.7408 	EXP 	wordssss: text = 'cold'
26.7408 	EXP 	wordssss: autoDraw = True
26.7408 	EXP 	thisthat: autoDraw = True
26.8255 	EXP 	New trial (rep=0, index=21): {'Word': 'hospital'}
26.8333 	DATA 	Keypress: left
26.8408 	EXP 	wordssss: autoDraw = False
26.8408 	EXP 	thisthat: autoDraw = False
26.8408 	EXP 	wordssss: text = 'hospital'
26.8408 	EXP 	wordssss: autoDraw = True
26.8408 	EXP 	thisthat: autoDraw = True
26.9105 	EXP 	New trial (rep=0, index=22): {'Word': 'home'}
26.9214 	DATA 	Keypress: right
26.9422 	EXP 	wordssss: autoDraw = False
26.9422 	EXP 	thisthat: autoDraw = False
26.9422 	EXP 	wordssss: text = 'home'
26.9422 	EXP 	wordssss: autoDraw = True
26.9422 	EXP 	thisthat: autoDraw = True
26.9933 	EXP 	New trial (rep=0, index=23): {'Word': 'church'}
27.0038 	DATA 	Keypress: left
27.0251 	EXP 	wordssss: autoDraw = False
27.0251 	EXP 	thisthat: autoDraw = False
27.0251 	EXP 	wordssss: text = 'church'
27.0251 	EXP 	wordssss: autoDraw = True
27.0251 	EXP 	thisthat: autoDraw = True
27.0920 	EXP 	New trial (rep=0, index=24): {'Word': 'applause'}
27.0999 	DATA 	Keypress: right
27.1074 	EXP 	wordssss: autoDraw = False
27.1074 	EXP 	thisthat: autoDraw = False
27.1074 	EXP 	wordssss: text = 'applause'
27.1074 	EXP 	wordssss: autoDraw = True
27.1074 	EXP 	thisthat: autoDraw = True
27.1587 	EXP 	New trial (rep=0, index=25): {'Word': 'fee'}
27.1651 	DATA 	Keypress: left
27.1740 	EXP 	wordssss: autoDraw = False
27.1740 	EXP 	thisthat: autoDraw = False
27.1740 	EXP 	wordssss: text = 'fee'
27.1740 	EXP 	wordssss: autoDraw = True
27.1740 	EXP 	thisthat: autoDraw = True
27.2481 	DATA 	Keypress: right
27.2610 	EXP 	New trial (rep=0, index=26): {'Word': 'drank'}
27.2917 	EXP 	wordssss: autoDraw = False
27.2917 	EXP 	thisthat: autoDraw = False
27.2917 	EXP 	wordssss: text = 'drank'
27.2917 	EXP 	wordssss: autoDraw = True
27.2917 	EXP 	thisthat: autoDraw = True
27.4591 	EXP 	New trial (rep=0, index=27): {'Word': 'college'}
27.4670 	DATA 	Keypress: left
27.4750 	EXP 	wordssss: autoDraw = False
27.4750 	EXP 	thisthat: autoDraw = False
27.4750 	EXP 	wordssss: text = 'college'
27.4750 	EXP 	wordssss: autoDraw = True
27.4750 	EXP 	thisthat: autoDraw = True
27.6272 	EXP 	New trial (rep=0, index=28): {'Word': 'minister'}
27.6375 	DATA 	Keypress: right
27.6586 	EXP 	wordssss: autoDraw = False
27.6586 	EXP 	thisthat: autoDraw = False
27.6586 	EXP 	wordssss: text = 'minister'
27.6586 	EXP 	wordssss: autoDraw = True
27.6586 	EXP 	thisthat: autoDraw = True
27.8267 	EXP 	New trial (rep=0, index=29): {'Word': 'eye'}
27.8354 	DATA 	Keypress: right
27.8585 	EXP 	wordssss: autoDraw = False
27.8585 	EXP 	thisthat: autoDraw = False
27.8585 	EXP 	wordssss: text = 'eye'
27.8585 	EXP 	wordssss: autoDraw = True
27.8585 	EXP 	thisthat: autoDraw = True
27.8750 	EXP 	New trial (rep=0, index=30): {'Word': 'soccer'}
27.8798 	DATA 	Keypress: left
27.8907 	EXP 	wordssss: autoDraw = False
27.8907 	EXP 	thisthat: autoDraw = False
27.8907 	EXP 	wordssss: text = 'soccer'
27.8907 	EXP 	wordssss: autoDraw = True
27.8907 	EXP 	thisthat: autoDraw = True
28.1759 	EXP 	New trial (rep=0, index=31): {'Word': 'journalist'}
28.1868 	DATA 	Keypress: right
28.2084 	EXP 	wordssss: autoDraw = False
28.2084 	EXP 	thisthat: autoDraw = False
28.2084 	EXP 	wordssss: text = 'journalist'
28.2084 	EXP 	wordssss: autoDraw = True
28.2084 	EXP 	thisthat: autoDraw = True
28.2934 	EXP 	New trial (rep=0, index=32): {'Word': 'lip'}
28.2980 	DATA 	Keypress: left
28.3072 	EXP 	wordssss: autoDraw = False
28.3072 	EXP 	thisthat: autoDraw = False
28.3072 	EXP 	wordssss: text = 'lip'
28.3072 	EXP 	wordssss: autoDraw = True
28.3072 	EXP 	thisthat: autoDraw = True
28.3813 	DATA 	Keypress: right
28.4415 	EXP 	wordssss: autoDraw = False
28.4415 	EXP 	thisthat: autoDraw = False
28.4415 	EXP 	text: text = 'TASK 2\n\nIn the next task, you will be presented some simple mathematical calculations. Your task is to determine whether the presented answer is correct or not. Respond with your keyboard arrows.\n\nEach calculation has a time limit of 5 seconds.\n\nleft = YES\nright = NO\n\nYou will first get 5 trial rounds to practice. \n\nPress SPACE to start the trial'
28.4415 	EXP 	text: autoDraw = True
28.4612 	DATA 	Keypress: left
28.5638 	DATA 	Keypress: right
29.2207 	EXP 	Imported mentalartimeticpracticenew.xlsx as conditions, 5 conditions, 1 params
29.2216 	EXP 	Created sequence: random, trialTypes=5, nReps=1, seed=None
29.2221 	EXP 	New trial (rep=0, index=0): {'Stimuli': '10 - 5 - 16 = 21?'}
29.2367 	DATA 	Keypress: space
29.2581 	EXP 	text: autoDraw = False
29.2581 	EXP 	text_2: text = '10 - 5 - 16 = 21?'
29.2581 	EXP 	text_2: autoDraw = True
29.2581 	EXP 	text_14: autoDraw = True
29.6095 	EXP 	New trial (rep=0, index=1): {'Stimuli': '5 x 5 - 10 = 22?'}
29.6165 	DATA 	Keypress: right
29.6237 	EXP 	text_2: autoDraw = False
29.6237 	EXP 	text_14: autoDraw = False
29.6237 	EXP 	text_2: text = '5 x 5 - 10 = 22?'
29.6237 	EXP 	text_2: autoDraw = True
29.6237 	EXP 	text_14: autoDraw = True
29.7931 	EXP 	New trial (rep=0, index=2): {'Stimuli': '10 - 18 + 1 = -9?'}
29.8027 	DATA 	Keypress: left
29.8244 	EXP 	text_2: autoDraw = False
29.8244 	EXP 	text_14: autoDraw = False
29.8244 	EXP 	text_2: text = '10 - 18 + 1 = -9?'
29.8244 	EXP 	text_2: autoDraw = True
29.8244 	EXP 	text_14: autoDraw = True
29.9091 	EXP 	New trial (rep=0, index=3): {'Stimuli': '2 + 20 x 4 = 82?'}
29.9155 	DATA 	Keypress: right
29.9235 	EXP 	text_2: autoDraw = False
29.9235 	EXP 	text_14: autoDraw = False
29.9235 	EXP 	text_2: text = '2 + 20 x 4 = 82?'
29.9235 	EXP 	text_2: autoDraw = True
29.9235 	EXP 	text_14: autoDraw = True
29.9752 	EXP 	New trial (rep=0, index=4): {'Stimuli': '11 + 3 - 7 = 8?'}
29.9850 	DATA 	Keypress: left
29.9923 	EXP 	text_2: autoDraw = False
29.9923 	EXP 	text_14: autoDraw = False
29.9923 	EXP 	text_2: text = '11 + 3 - 7 = 8?'
29.9923 	EXP 	text_2: autoDraw = True
29.9923 	EXP 	text_14: autoDraw = True
30.1874 	DATA 	Keypress: right
30.2090 	EXP 	text_2: autoDraw = False
30.2090 	EXP 	text_14: autoDraw = False
30.2090 	EXP 	instruu: text = 'The real trial will now start. Try to complete the tasks as accurately and fast as possible.\n\nPress SPACE to start the task when you are ready.'
30.2090 	EXP 	instruu: autoDraw = True
30.2598 	DATA 	Keypress: left
30.3793 	DATA 	Keypress: right
31.1134 	EXP 	Imported Mentalarit1new.xlsx as conditions, 14 conditions, 4 params
31.1141 	EXP 	Created sequence: random, trialTypes=14, nReps=1, seed=None
31.1146 	EXP 	New trial (rep=0, index=0): {'Stimuli': '7 x 11 - 21 = 56?', 'Response': 'SPEED UP', 'Congr': 1, 'RightAns': 'left'}
31.1245 	DATA 	Keypress: space
31.1421 	EXP 	instruu: autoDraw = False
31.1421 	EXP 	calculation: text = '7 x 11 - 21 = 56?'
31.1421 	EXP 	calculation: autoDraw = True
31.1421 	EXP 	text_9: autoDraw = True
31.3498 	DATA 	Keypress: right
31.3568 	EXP 	calculation: autoDraw = False
31.3568 	EXP 	text_9: autoDraw = False
31.3568 	EXP 	Feedback: text = 'SPEED UP'
31.3568 	EXP 	Feedback: autoDraw = True
31.5266 	DATA 	Keypress: left
31.6134 	DATA 	Keypress: right
31.7314 	DATA 	Keypress: left
32.8430 	EXP 	New trial (rep=0, index=1): {'Stimuli': '2 x 40 + 3 = 84?', 'Response': 'RESPONSE RECORDED', 'Congr': 0, 'RightAns': 'right'}
32.8753 	EXP 	Feedback: autoDraw = False
32.8753 	EXP 	Feedback: autoDraw = False
32.8753 	EXP 	calculation: text = '2 x 40 + 3 = 84?'
32.8753 	EXP 	calculation: autoDraw = True
32.8753 	EXP 	text_9: autoDraw = True
36.6738 	DATA 	Keypress: right
36.6922 	EXP 	calculation: autoDraw = False
36.6922 	EXP 	text_9: autoDraw = False
36.6922 	EXP 	Feedback: text = 'RESPONSE RECORDED'
36.6922 	EXP 	Feedback: autoDraw = True
37.2595 	DATA 	Keypress: right
38.1769 	EXP 	New trial (rep=0, index=2): {'Stimuli': '47 + 13 - 7 = 53?', 'Response': 'RESPONSE RECORDED', 'Congr': 1, 'RightAns': 'left'}
38.2087 	EXP 	Feedback: autoDraw = False
38.2087 	EXP 	Feedback: autoDraw = False
38.2087 	EXP 	calculation: text = '47 + 13 - 7 = 53?'
38.2087 	EXP 	calculation: autoDraw = True
38.2087 	EXP 	text_9: autoDraw = True
38.2147 	DATA 	Keypress: right
38.4776 	DATA 	Keypress: right
38.5071 	EXP 	calculation: autoDraw = False
38.5071 	EXP 	text_9: autoDraw = False
38.5071 	EXP 	Feedback: text = 'RESPONSE RECORDED'
38.5071 	EXP 	Feedback: autoDraw = True
39.0924 	DATA 	Keypress: right
39.3934 	DATA 	Keypress: right
39.9123 	DATA 	Keypress: right
39.9926 	EXP 	New trial (rep=0, index=3): {'Stimuli': '53 + 13 x 7 = -150?', 'Response': 'YOU’RE NOT TRYING HARD ENOUGH', 'Congr': 0, 'RightAns': 'right'}
40.0250 	EXP 	Feedback: autoDraw = False
40.0250 	EXP 	Feedback: autoDraw = False
40.0250 	EXP 	calculation: text = '53 + 13 x 7 = -150?'
40.0250 	EXP 	calculation: autoDraw = True
40.0250 	EXP 	text_9: autoDraw = True
40.4358 	DATA 	Keypress: right
40.4580 	EXP 	calculation: autoDraw = False
40.4580 	EXP 	text_9: autoDraw = False
40.4580 	EXP 	Feedback: text = 'YOU’RE NOT TRYING HARD ENOUGH'
40.4580 	EXP 	Feedback: autoDraw = True
41.3431 	DATA 	Keypress: right
41.8628 	DATA 	Keypress: right
41.9434 	EXP 	New trial (rep=0, index=4): {'Stimuli': '2 - 15 + 39 = 27?', 'Response': 'RESPONSE RECORDED', 'Congr': 0, 'RightAns': 'right'}
41.9750 	EXP 	Feedback: autoDraw = False
41.9750 	EXP 	Feedback: autoDraw = False
41.9750 	EXP 	calculation: text = '2 - 15 + 39 = 27?'
41.9750 	EXP 	calculation: autoDraw = True
41.9750 	EXP 	text_9: autoDraw = True
42.0821 	DATA 	Keypress: right
42.0906 	EXP 	calculation: autoDraw = False
42.0906 	EXP 	text_9: autoDraw = False
42.0906 	EXP 	Feedback: text = 'RESPONSE RECORDED'
42.0906 	EXP 	Feedback: autoDraw = True
42.4774 	DATA 	Keypress: right
42.8950 	DATA 	Keypress: right
43.5768 	EXP 	New trial (rep=0, index=5): {'Stimuli': '14 x 2 - 3 = 25?', 'Response': 'TRY HARDER', 'Congr': 1, 'RightAns': 'left'}
43.6088 	EXP 	Feedback: autoDraw = False
43.6088 	EXP 	Feedback: autoDraw = False
43.6088 	EXP 	calculation: text = '14 x 2 - 3 = 25?'
43.6088 	EXP 	calculation: autoDraw = True
43.6088 	EXP 	text_9: autoDraw = True
44.0529 	DATA 	Keypress: right
44.0753 	EXP 	calculation: autoDraw = False
44.0753 	EXP 	text_9: autoDraw = False
44.0753 	EXP 	Feedback: text = 'TRY HARDER'
44.0753 	EXP 	Feedback: autoDraw = True
44.5439 	DATA 	Keypress: right
44.8304 	DATA 	Keypress: right
45.2599 	DATA 	Keypress: right
45.5765 	EXP 	New trial (rep=0, index=6): {'Stimuli': '72 + 17 x 3 = 121?', 'Response': 'RESPONSE RECORDED', 'Congr': 0, 'RightAns': 'right'}
45.6089 	EXP 	Feedback: autoDraw = False
45.6089 	EXP 	Feedback: autoDraw = False
45.6089 	EXP 	calculation: text = '72 + 17 x 3 = 121?'
45.6089 	EXP 	calculation: autoDraw = True
45.6089 	EXP 	text_9: autoDraw = True
45.8944 	DATA 	Keypress: right
45.9246 	EXP 	calculation: autoDraw = False
45.9246 	EXP 	text_9: autoDraw = False
45.9246 	EXP 	Feedback: text = 'RESPONSE RECORDED'
45.9246 	EXP 	Feedback: autoDraw = True
47.3604 	DATA 	Keypress: right
47.4098 	EXP 	New trial (rep=0, index=7): {'Stimuli': '54 + 60 - 1 = 113?', 'Response': 'PAY ATTENTION', 'Congr': 1, 'RightAns': 'left'}
47.4420 	EXP 	Feedback: autoDraw = False
47.4420 	EXP 	Feedback: autoDraw = False
47.4420 	EXP 	calculation: text = '54 + 60 - 1 = 113?'
47.4420 	EXP 	calculation: autoDraw = True
47.4420 	EXP 	text_9: autoDraw = True
47.7801 	DATA 	Keypress: right
47.8244 	EXP 	calculation: autoDraw = False
47.8244 	EXP 	text_9: autoDraw = False
47.8244 	EXP 	Feedback: text = 'PAY ATTENTION'
47.8244 	EXP 	Feedback: autoDraw = True
48.9934 	DATA 	Keypress: right
49.3099 	EXP 	New trial (rep=0, index=8): {'Stimuli': '35 - 65 - 20 = - 55?', 'Response': 'RESPONSE RECORDED', 'Congr': 0, 'RightAns': 'right'}
49.3419 	EXP 	Feedback: autoDraw = False
49.3419 	EXP 	Feedback: autoDraw = False
49.3419 	EXP 	calculation: text = '35 - 65 - 20 = - 55?'
49.3419 	EXP 	calculation: autoDraw = True
49.3419 	EXP 	text_9: autoDraw = True
49.7133 	DATA 	Keypress: right
49.7404 	EXP 	calculation: autoDraw = False
49.7404 	EXP 	text_9: autoDraw = False
49.7404 	EXP 	Feedback: text = 'RESPONSE RECORDED'
49.7404 	EXP 	Feedback: autoDraw = True
51.2257 	EXP 	New trial (rep=0, index=9): {'Stimuli': '6 - 58 + 11 = -41?', 'Response': 'RESPONSE RECORDED', 'Congr': 1, 'RightAns': 'left'}
51.2584 	EXP 	Feedback: autoDraw = False
51.2584 	EXP 	Feedback: autoDraw = False
51.2584 	EXP 	calculation: text = '6 - 58 + 11 = -41?'
51.2584 	EXP 	calculation: autoDraw = True
51.2584 	EXP 	text_9: autoDraw = True
54.9976 	DATA 	Keypress: right
55.0238 	EXP 	calculation: autoDraw = False
55.0238 	EXP 	text_9: autoDraw = False
55.0238 	EXP 	Feedback: text = 'RESPONSE RECORDED'
55.0238 	EXP 	Feedback: autoDraw = True
55.4438 	DATA 	Keypress: right
56.0763 	DATA 	Keypress: right
56.3954 	DATA 	Keypress: right
56.5089 	EXP 	New trial (rep=0, index=10): {'Stimuli': '54 - 40 x -2 = - 27?', 'Response': 'RESPONSE RECORDED', 'Congr': 0, 'RightAns': 'right'}
56.5420 	EXP 	Feedback: autoDraw = False
56.5420 	EXP 	Feedback: autoDraw = False
56.5420 	EXP 	calculation: text = '54 - 40 x -2 = - 27?'
56.5420 	EXP 	calculation: autoDraw = True
56.5420 	EXP 	text_9: autoDraw = True
56.8770 	DATA 	Keypress: right
56.8912 	EXP 	calculation: autoDraw = False
56.8912 	EXP 	text_9: autoDraw = False
56.8912 	EXP 	Feedback: text = 'RESPONSE RECORDED'
56.8912 	EXP 	Feedback: autoDraw = True
57.1294 	DATA 	Keypress: right
57.4758 	DATA 	Keypress: right
57.6954 	DATA 	Keypress: right
58.2458 	DATA 	Keypress: right
58.3757 	EXP 	New trial (rep=0, index=11): {'Stimuli': '50 x 3 + 12 = 147?', 'Response': 'SPEED UP', 'Congr': 1, 'RightAns': 'left'}
58.4084 	EXP 	Feedback: autoDraw = False
58.4084 	EXP 	Feedback: autoDraw = False
58.4084 	EXP 	calculation: text = '50 x 3 + 12 = 147?'
58.4084 	EXP 	calculation: autoDraw = True
58.4084 	EXP 	text_9: autoDraw = True
58.5819 	DATA 	Keypress: right
58.6079 	EXP 	calculation: autoDraw = False
58.6079 	EXP 	text_9: autoDraw = False
58.6079 	EXP 	Feedback: text = 'SPEED UP'
58.6079 	EXP 	Feedback: autoDraw = True
58.9759 	DATA 	Keypress: right
59.5953 	DATA 	Keypress: right
60.0931 	EXP 	New trial (rep=0, index=12): {'Stimuli': '14 x 2 + 10 = 38?', 'Response': 'CONCENTRATE', 'Congr': 1, 'RightAns': 'left'}
60.1250 	EXP 	Feedback: autoDraw = False
60.1250 	EXP 	Feedback: autoDraw = False
60.1250 	EXP 	calculation: text = '14 x 2 + 10 = 38?'
60.1250 	EXP 	calculation: autoDraw = True
60.1250 	EXP 	text_9: autoDraw = True
60.7313 	DATA 	Keypress: right
60.7403 	EXP 	calculation: autoDraw = False
60.7403 	EXP 	text_9: autoDraw = False
60.7403 	EXP 	Feedback: text = 'CONCENTRATE'
60.7403 	EXP 	Feedback: autoDraw = True
62.2264 	EXP 	New trial (rep=0, index=13): {'Stimuli': '5 x 5 - 29 = -40?', 'Response': 'SPEED UP', 'Congr': 0, 'RightAns': 'right'}
62.2581 	EXP 	Feedback: autoDraw = False
62.2581 	EXP 	Feedback: autoDraw = False
62.2581 	EXP 	calculation: text = '5 x 5 - 29 = -40?'
62.2581 	EXP 	calculation: autoDraw = True
62.2581 	EXP 	text_9: autoDraw = True
62.5482 	DATA 	Keypress: right
62.5757 	EXP 	calculation: autoDraw = False
62.5757 	EXP 	text_9: autoDraw = False
62.5757 	EXP 	Feedback: text = 'SPEED UP'
62.5757 	EXP 	Feedback: autoDraw = True
64.1248 	EXP 	Feedback: autoDraw = False
64.1248 	EXP 	Feedback: autoDraw = False
64.1248 	EXP 	neg_feedB: text = 'TIME’S UP\n\nYou answered 5 out of 15 correctly.\n\nYour performance is below 82% \nof all previous participants. \n\n\nPress SPACE to continue to round 2.'
64.1248 	EXP 	neg_feedB: autoDraw = True
64.2115 	DATA 	Keypress: right
66.1472 	EXP 	Imported Mentalarit2new.xlsx as conditions, 14 conditions, 4 params
66.1480 	EXP 	Created sequence: random, trialTypes=14, nReps=1, seed=None
66.1485 	EXP 	New trial (rep=0, index=0): {'Stimuli': '62 - 15 x 3 = 5?', 'Response': 'PAY ATTENTION', 'Congr': 0, 'RightAns': 'right'}
66.1581 	DATA 	Keypress: space
66.1750 	EXP 	neg_feedB: autoDraw = False
66.1750 	EXP 	text_6: text = '62 - 15 x 3 = 5?'
66.1750 	EXP 	text_6: autoDraw = True
66.1750 	EXP 	text_10: autoDraw = True
67.2548 	DATA 	Keypress: right
67.2749 	EXP 	text_6: autoDraw = False
67.2749 	EXP 	text_10: autoDraw = False
67.2749 	EXP 	resp: text = 'PAY ATTENTION'
67.2749 	EXP 	resp: autoDraw = True
67.6926 	DATA 	Keypress: right
68.0928 	DATA 	Keypress: right
68.7597 	EXP 	New trial (rep=0, index=1): {'Stimuli': '13 x 3 + 2 = 90?', 'Response': 'RESPONSE RECORDED', 'Congr': 0, 'RightAns': 'right'}
68.7915 	EXP 	resp: autoDraw = False
68.7915 	EXP 	resp: autoDraw = False
68.7915 	EXP 	text_6: text = '13 x 3 + 2 = 90?'
68.7915 	EXP 	text_6: autoDraw = True
68.7915 	EXP 	text_10: autoDraw = True
69.0131 	DATA 	Keypress: right
69.0418 	EXP 	text_6: autoDraw = False
69.0418 	EXP 	text_10: autoDraw = False
69.0418 	EXP 	resp: text = 'RESPONSE RECORDED'
69.0418 	EXP 	resp: autoDraw = True
69.5283 	DATA 	Keypress: right
69.7598 	DATA 	Keypress: right
70.1763 	DATA 	Keypress: right
70.5265 	EXP 	New trial (rep=0, index=2): {'Stimuli': '10 x 11 + 45 = 155?', 'Response': 'RESPONSE RECORDED', 'Congr': 1, 'RightAns': 'left'}
70.5577 	EXP 	resp: autoDraw = False
70.5577 	EXP 	resp: autoDraw = False
70.5577 	EXP 	text_6: text = '10 x 11 + 45 = 155?'
70.5577 	EXP 	text_6: autoDraw = True
70.5577 	EXP 	text_10: autoDraw = True
70.9940 	DATA 	Keypress: right
71.0076 	EXP 	text_6: autoDraw = False
71.0076 	EXP 	text_10: autoDraw = False
71.0076 	EXP 	resp: text = 'RESPONSE RECORDED'
71.0076 	EXP 	resp: autoDraw = True
71.2758 	DATA 	Keypress: right
71.5434 	DATA 	Keypress: right
71.8605 	DATA 	Keypress: right
72.4102 	DATA 	Keypress: right
72.4921 	EXP 	New trial (rep=0, index=3): {'Stimuli': '6 - 13 + 4 = -3?', 'Response': 'CONCENTRATE', 'Congr': 1, 'RightAns': 'left'}
72.5249 	EXP 	resp: autoDraw = False
72.5249 	EXP 	resp: autoDraw = False
72.5249 	EXP 	text_6: text = '6 - 13 + 4 = -3?'
72.5249 	EXP 	text_6: autoDraw = True
72.5249 	EXP 	text_10: autoDraw = True
72.6462 	DATA 	Keypress: right
72.6577 	EXP 	text_6: autoDraw = False
72.6577 	EXP 	text_10: autoDraw = False
72.6577 	EXP 	resp: text = 'CONCENTRATE'
72.6577 	EXP 	resp: autoDraw = True
72.8615 	DATA 	Keypress: right
73.1136 	DATA 	Keypress: right
73.3978 	DATA 	Keypress: right
73.6807 	DATA 	Keypress: right
73.9454 	DATA 	Keypress: right
74.1430 	EXP 	New trial (rep=0, index=4): {'Stimuli': '56 - 6 x 3 = 33?', 'Response': 'SPEED UP', 'Congr': 0, 'RightAns': 'right'}
74.1747 	EXP 	resp: autoDraw = False
74.1747 	EXP 	resp: autoDraw = False
74.1747 	EXP 	text_6: text = '56 - 6 x 3 = 33?'
74.1747 	EXP 	text_6: autoDraw = True
74.1747 	EXP 	text_10: autoDraw = True
74.1956 	DATA 	Keypress: right
74.2066 	EXP 	text_6: autoDraw = False
74.2066 	EXP 	text_10: autoDraw = False
74.2066 	EXP 	resp: text = 'SPEED UP'
74.2066 	EXP 	resp: autoDraw = True
74.4962 	DATA 	Keypress: right
74.7608 	DATA 	Keypress: right
74.9596 	DATA 	Keypress: right
75.2421 	DATA 	Keypress: right
75.5093 	DATA 	Keypress: right
75.6926 	EXP 	New trial (rep=0, index=5): {'Stimuli': '17 x 2 - 10 = 24?', 'Response': 'RESPONSE RECORDED', 'Congr': 1, 'RightAns': 'left'}
75.7247 	EXP 	resp: autoDraw = False
75.7247 	EXP 	resp: autoDraw = False
75.7247 	EXP 	text_6: text = '17 x 2 - 10 = 24?'
75.7247 	EXP 	text_6: autoDraw = True
75.7247 	EXP 	text_10: autoDraw = True
75.7800 	DATA 	Keypress: right
75.7907 	EXP 	text_6: autoDraw = False
75.7907 	EXP 	text_10: autoDraw = False
75.7907 	EXP 	resp: text = 'RESPONSE RECORDED'
75.7907 	EXP 	resp: autoDraw = True
76.0618 	DATA 	Keypress: right
76.5437 	DATA 	Keypress: right
77.0112 	DATA 	Keypress: right
77.2621 	DATA 	Keypress: right
77.2753 	EXP 	New trial (rep=0, index=6): {'Stimuli': '55 - 66 + 14 = 3?', 'Response': 'RESPONSE RECORDED', 'Congr': 1, 'RightAns': 'left'}
77.3076 	EXP 	resp: autoDraw = False
77.3076 	EXP 	resp: autoDraw = False
77.3076 	EXP 	text_6: text = '55 - 66 + 14 = 3?'
77.3076 	EXP 	text_6: autoDraw = True
77.3076 	EXP 	text_10: autoDraw = True
77.5100 	DATA 	Keypress: right
77.5243 	EXP 	text_6: autoDraw = False
77.5243 	EXP 	text_10: autoDraw = False
77.5243 	EXP 	resp: text = 'RESPONSE RECORDED'
77.5243 	EXP 	resp: autoDraw = True
77.7927 	DATA 	Keypress: right
78.0092 	DATA 	Keypress: right
78.2426 	DATA 	Keypress: right
78.4427 	DATA 	Keypress: right
78.6762 	DATA 	Keypress: right
78.9592 	DATA 	Keypress: right
79.0086 	EXP 	New trial (rep=0, index=7): {'Stimuli': '12 + 10 x 4 = 70?', 'Response': 'RESPONSE RECORDED', 'Congr': 0, 'RightAns': 'right'}
79.0415 	EXP 	resp: autoDraw = False
79.0415 	EXP 	resp: autoDraw = False
79.0415 	EXP 	text_6: text = '12 + 10 x 4 = 70?'
79.0415 	EXP 	text_6: autoDraw = True
79.0415 	EXP 	text_10: autoDraw = True
79.1987 	DATA 	Keypress: right
79.2067 	EXP 	text_6: autoDraw = False
79.2067 	EXP 	text_10: autoDraw = False
79.2067 	EXP 	resp: text = 'RESPONSE RECORDED'
79.2067 	EXP 	resp: autoDraw = True
79.5597 	DATA 	Keypress: right
79.8606 	DATA 	Keypress: right
80.1758 	DATA 	Keypress: right
80.6930 	EXP 	New trial (rep=0, index=8): {'Stimuli': '2 x 40 + 10 = 800?', 'Response': 'RESPONSE RECORDED', 'Congr': 0, 'RightAns': 'right'}
80.7251 	EXP 	resp: autoDraw = False
80.7251 	EXP 	resp: autoDraw = False
80.7251 	EXP 	text_6: text = '2 x 40 + 10 = 800?'
80.7251 	EXP 	text_6: autoDraw = True
80.7251 	EXP 	text_10: autoDraw = True
80.8971 	DATA 	Keypress: right
80.9065 	EXP 	text_6: autoDraw = False
80.9065 	EXP 	text_10: autoDraw = False
80.9065 	EXP 	resp: text = 'RESPONSE RECORDED'
80.9065 	EXP 	resp: autoDraw = True
81.1423 	DATA 	Keypress: right
81.4267 	DATA 	Keypress: right
82.2093 	DATA 	Keypress: right
82.3928 	EXP 	New trial (rep=0, index=9): {'Stimuli': '20 x 2 - 77 = 24?', 'Response': 'YOU NEED TO CONCENTRATE', 'Congr': 0, 'RightAns': 'right'}
82.4245 	EXP 	resp: autoDraw = False
82.4245 	EXP 	resp: autoDraw = False
82.4245 	EXP 	text_6: text = '20 x 2 - 77 = 24?'
82.4245 	EXP 	text_6: autoDraw = True
82.4245 	EXP 	text_10: autoDraw = True
82.4974 	DATA 	Keypress: right
82.5074 	EXP 	text_6: autoDraw = False
82.5074 	EXP 	text_10: autoDraw = False
82.5074 	EXP 	resp: text = 'YOU NEED TO CONCENTRATE'
82.5074 	EXP 	resp: autoDraw = True
82.7590 	DATA 	Keypress: right
83.1125 	DATA 	Keypress: right
83.4256 	DATA 	Keypress: right
83.6258 	DATA 	Keypress: right
83.9919 	EXP 	New trial (rep=0, index=10): {'Stimuli': '33 - 15 - 49 = -40?', 'Response': 'TRY HARDER', 'Congr': 0, 'RightAns': 'right'}
84.0229 	EXP 	resp: autoDraw = False
84.0229 	EXP 	resp: autoDraw = False
84.0229 	EXP 	text_6: text = '33 - 15 - 49 = -40?'
84.0229 	EXP 	text_6: autoDraw = True
84.0229 	EXP 	text_10: autoDraw = True
84.0276 	DATA 	Keypress: right
84.1447 	DATA 	Keypress: right
84.1728 	EXP 	text_6: autoDraw = False
84.1728 	EXP 	text_10: autoDraw = False
84.1728 	EXP 	resp: text = 'TRY HARDER'
84.1728 	EXP 	resp: autoDraw = True
84.4257 	DATA 	Keypress: right
84.6963 	DATA 	Keypress: right
84.8928 	DATA 	Keypress: right
85.2616 	DATA 	Keypress: right
85.6585 	EXP 	New trial (rep=0, index=11): {'Stimuli': '7 - 8 - 9 = -11?', 'Response': 'SPEED UP', 'Congr': 0, 'RightAns': 'right'}
85.6724 	DATA 	Keypress: right
85.6912 	EXP 	resp: autoDraw = False
85.6912 	EXP 	resp: autoDraw = False
85.6912 	EXP 	text_6: text = '7 - 8 - 9 = -11?'
85.6912 	EXP 	text_6: autoDraw = True
85.6912 	EXP 	text_10: autoDraw = True
85.8958 	DATA 	Keypress: right
85.9060 	EXP 	text_6: autoDraw = False
85.9060 	EXP 	text_10: autoDraw = False
85.9060 	EXP 	resp: text = 'SPEED UP'
85.9060 	EXP 	resp: autoDraw = True
86.2115 	DATA 	Keypress: right
86.8091 	DATA 	Keypress: right
87.0946 	DATA 	Keypress: right
87.3928 	EXP 	New trial (rep=0, index=12): {'Stimuli': '7 x 11 - 21 = 56?', 'Response': 'GO FASTER', 'Congr': 1, 'RightAns': 'left'}
87.4248 	EXP 	resp: autoDraw = False
87.4248 	EXP 	resp: autoDraw = False
87.4248 	EXP 	text_6: text = '7 x 11 - 21 = 56?'
87.4248 	EXP 	text_6: autoDraw = True
87.4248 	EXP 	text_10: autoDraw = True
87.4937 	DATA 	Keypress: right
87.5409 	EXP 	text_6: autoDraw = False
87.5409 	EXP 	text_10: autoDraw = False
87.5409 	EXP 	resp: text = 'GO FASTER'
87.5409 	EXP 	resp: autoDraw = True
87.6930 	DATA 	Keypress: right
87.9269 	DATA 	Keypress: right
88.2093 	DATA 	Keypress: right
88.4922 	DATA 	Keypress: right
88.7931 	DATA 	Keypress: right
89.0264 	EXP 	New trial (rep=0, index=13): {'Stimuli': '7 + 46 + 16 = 67?', 'Response': 'RESPONSE RECORDED', 'Congr': 0, 'RightAns': 'right'}
89.0570 	EXP 	resp: autoDraw = False
89.0570 	EXP 	resp: autoDraw = False
89.0570 	EXP 	text_6: text = '7 + 46 + 16 = 67?'
89.0570 	EXP 	text_6: autoDraw = True
89.0570 	EXP 	text_10: autoDraw = True
89.0644 	DATA 	Keypress: right
89.2463 	DATA 	Keypress: right
89.2574 	EXP 	text_6: autoDraw = False
89.2574 	EXP 	text_10: autoDraw = False
89.2574 	EXP 	resp: text = 'RESPONSE RECORDED'
89.2574 	EXP 	resp: autoDraw = True
89.6098 	DATA 	Keypress: right
89.8608 	DATA 	Keypress: right
90.1755 	DATA 	Keypress: right
90.5094 	DATA 	Keypress: right
90.7549 	EXP 	Imported Order2Bnew.xlsx as conditions, 1 conditions, 1 params
90.7558 	EXP 	Created sequence: random, trialTypes=1, nReps=1, seed=None
90.7564 	EXP 	New trial (rep=0, index=0): {'Text': 'You have now completed the mental arithmetic task. You are halfway through the experiment.\n\nThank you for deciding to finish the tasks, it is much appreciated! Your effort is valued.\n\nPress space to continue'}
90.7913 	EXP 	resp: autoDraw = False
90.7913 	EXP 	resp: autoDraw = False
90.7913 	EXP 	text_8: text = 'You have now completed the mental arithmetic task. You are halfway through the experiment.\n\nThank you for deciding to finish the tasks, it is much appreciated! Your effort is valued.\n\nPress space to continue'
90.7913 	EXP 	text_8: autoDraw = True
90.8097 	DATA 	Keypress: right
91.1449 	DATA 	Keypress: right
91.7132 	DATA 	Keypress: right
93.6114 	DATA 	Keypress: space
93.6246 	EXP 	text_8: autoDraw = False
93.6246 	EXP 	text_3: autoDraw = True
95.7960 	DATA 	Keypress: escape
96.1705 	EXP 	window1: mouseVisible = True
